# JRE version: OpenJDK Runtime Environment Temurin-21.0.7+6 (21.0.7+6) (build 21.0.7+6-LTS)
# Java VM: OpenJDK 64-Bit Server VM Temurin-21.0.7+6 (21.0.7+6-LTS, mixed mode, sharing, tiered, compressed oops, compressed class ptrs, parallel gc, windows-amd64)
GC Precious Log:
 CardTable entry size: 512
 CPUs: 12 total, 12 available
 Memory: 7876M
 Large Page Support: Disabled
 NUMA Support: Disabled
 Compressed Oops: Enabled (32-bit)
 Alignments: Space 512K, Generation 512K, Heap 2M
 Heap Min Capacity: 100M
 Heap Initial Capacity: 100M
 Heap Max Capacity: 1G
 Pre-touch: Disabled
 Parallel Workers: 10
Heap:
 PSYoungGen      total 7168K, used 5513K [0x00000000eab00000, 0x00000000eb500000, 0x0000000100000000)
  eden space 5120K, 71% used [0x00000000eab00000,0x00000000eae995b0,0x00000000eb000000)
  from space 2048K, 89% used [0x00000000eb000000,0x00000000eb1c8ed0,0x00000000eb200000)
  to   space 2048K, 0% used [0x00000000eb300000,0x00000000eb300000,0x00000000eb500000)
 ParOldGen       total 338432K, used 337964K [0x00000000c0000000, 0x00000000d4a80000, 0x00000000eab00000)
  object space 338432K, 99% used [0x00000000c0000000,0x00000000d4a0b300,0x00000000d4a80000)
 Metaspace       used 66178K, committed 67456K, reserved 1114112K
  class space    used 6836K, committed 7360K, reserved 1048576K
GC Heap History (20 events):
Event: 85.826 GC heap before
{Heap before GC invocations=385 (full 3):
 PSYoungGen      total 3072K, used 2996K [0x00000000eab00000, 0x00000000eaf00000, 0x0000000100000000)
  eden space 2048K, 98% used [0x00000000eab00000,0x00000000eacf79e0,0x00000000ead00000)
  from space 1024K, 95% used [0x00000000ead00000,0x00000000eadf5878,0x00000000eae00000)
  to   space 1024K, 0% used [0x00000000eae00000,0x00000000eae00000,0x00000000eaf00000)
 ParOldGen       total 325120K, used 324940K [0x00000000c0000000, 0x00000000d3d80000, 0x00000000eab00000)
  object space 325120K, 99% used [0x00000000c0000000,0x00000000d3d532d8,0x00000000d3d80000)
 Metaspace       used 66174K, committed 67456K, reserved 1114112K
  class space    used 6836K, committed 7360K, reserved 1048576K
}
Event: 85.829 GC heap after
{Heap after GC invocations=385 (full 3):
 PSYoungGen      total 3072K, used 1001K [0x00000000eab00000, 0x00000000eaf00000, 0x0000000100000000)
  eden space 2048K, 0% used [0x00000000eab00000,0x00000000eab00000,0x00000000ead00000)
  from space 1024K, 97% used [0x00000000eae00000,0x00000000eaefa4f8,0x00000000eaf00000)
  to   space 1024K, 0% used [0x00000000ead00000,0x00000000ead00000,0x00000000eae00000)
 ParOldGen       total 326144K, used 325673K [0x00000000c0000000, 0x00000000d3e80000, 0x00000000eab00000)
  object space 326144K, 99% used [0x00000000c0000000,0x00000000d3e0a5a8,0x00000000d3e80000)
 Metaspace       used 66174K, committed 67456K, reserved 1114112K
  class space    used 6836K, committed 7360K, reserved 1048576K
}
Event: 85.838 GC heap before
{Heap before GC invocations=386 (full 3):
 PSYoungGen      total 3072K, used 3049K [0x00000000eab00000, 0x00000000eaf00000, 0x0000000100000000)
  eden space 2048K, 100% used [0x00000000eab00000,0x00000000ead00000,0x00000000ead00000)
  from space 1024K, 97% used [0x00000000eae00000,0x00000000eaefa4f8,0x00000000eaf00000)
  to   space 1024K, 0% used [0x00000000ead00000,0x00000000ead00000,0x00000000eae00000)
 ParOldGen       total 326144K, used 325673K [0x00000000c0000000, 0x00000000d3e80000, 0x00000000eab00000)
  object space 326144K, 99% used [0x00000000c0000000,0x00000000d3e0a5a8,0x00000000d3e80000)
 Metaspace       used 66174K, committed 67456K, reserved 1114112K
  class space    used 6836K, committed 7360K, reserved 1048576K
}
Event: 85.841 GC heap after
{Heap after GC invocations=386 (full 3):
 PSYoungGen      total 3072K, used 947K [0x00000000eab00000, 0x00000000eaf00000, 0x0000000100000000)
  eden space 2048K, 0% used [0x00000000eab00000,0x00000000eab00000,0x00000000ead00000)
  from space 1024K, 92% used [0x00000000ead00000,0x00000000eadeced0,0x00000000eae00000)
  to   space 1024K, 0% used [0x00000000eae00000,0x00000000eae00000,0x00000000eaf00000)
 ParOldGen       total 326656K, used 326458K [0x00000000c0000000, 0x00000000d3f00000, 0x00000000eab00000)
  object space 326656K, 99% used [0x00000000c0000000,0x00000000d3ece9b8,0x00000000d3f00000)
 Metaspace       used 66174K, committed 67456K, reserved 1114112K
  class space    used 6836K, committed 7360K, reserved 1048576K
}
Event: 85.848 GC heap before
{Heap before GC invocations=387 (full 3):
 PSYoungGen      total 3072K, used 2930K [0x00000000eab00000, 0x00000000eaf00000, 0x0000000100000000)
  eden space 2048K, 96% used [0x00000000eab00000,0x00000000eacef9b0,0x00000000ead00000)
  from space 1024K, 92% used [0x00000000ead00000,0x00000000eadeced0,0x00000000eae00000)
  to   space 1024K, 0% used [0x00000000eae00000,0x00000000eae00000,0x00000000eaf00000)
 ParOldGen       total 326656K, used 326458K [0x00000000c0000000, 0x00000000d3f00000, 0x00000000eab00000)
  object space 326656K, 99% used [0x00000000c0000000,0x00000000d3ece9b8,0x00000000d3f00000)
 Metaspace       used 66174K, committed 67456K, reserved 1114112K
  class space    used 6836K, committed 7360K, reserved 1048576K
}
Event: 85.852 GC heap after
{Heap after GC invocations=387 (full 3):
 PSYoungGen      total 3072K, used 932K [0x00000000eab00000, 0x00000000eaf80000, 0x0000000100000000)
  eden space 2048K, 0% used [0x00000000eab00000,0x00000000eab00000,0x00000000ead00000)
  from space 1024K, 91% used [0x00000000eae00000,0x00000000eaee9150,0x00000000eaf00000)
  to   space 1024K, 0% used [0x00000000ead00000,0x00000000ead00000,0x00000000eae00000)
 ParOldGen       total 327680K, used 327250K [0x00000000c0000000, 0x00000000d4000000, 0x00000000eab00000)
  object space 327680K, 99% used [0x00000000c0000000,0x00000000d3f94bd8,0x00000000d4000000)
 Metaspace       used 66174K, committed 67456K, reserved 1114112K
  class space    used 6836K, committed 7360K, reserved 1048576K
}
Event: 85.858 GC heap before
{Heap before GC invocations=388 (full 3):
 PSYoungGen      total 3072K, used 2980K [0x00000000eab00000, 0x00000000eaf80000, 0x0000000100000000)
  eden space 2048K, 100% used [0x00000000eab00000,0x00000000ead00000,0x00000000ead00000)
  from space 1024K, 91% used [0x00000000eae00000,0x00000000eaee9150,0x00000000eaf00000)
  to   space 1024K, 0% used [0x00000000ead00000,0x00000000ead00000,0x00000000eae00000)
 ParOldGen       total 327680K, used 327250K [0x00000000c0000000, 0x00000000d4000000, 0x00000000eab00000)
  object space 327680K, 99% used [0x00000000c0000000,0x00000000d3f94bd8,0x00000000d4000000)
 Metaspace       used 66174K, committed 67456K, reserved 1114112K
  class space    used 6836K, committed 7360K, reserved 1048576K
}
Event: 85.863 GC heap after
{Heap after GC invocations=388 (full 3):
 PSYoungGen      total 3072K, used 962K [0x00000000eab00000, 0x00000000eaf80000, 0x0000000100000000)
  eden space 2048K, 0% used [0x00000000eab00000,0x00000000eab00000,0x00000000ead00000)
  from space 1024K, 93% used [0x00000000ead00000,0x00000000eadf0810,0x00000000eae00000)
  to   space 1024K, 0% used [0x00000000eae80000,0x00000000eae80000,0x00000000eaf80000)
 ParOldGen       total 328192K, used 328050K [0x00000000c0000000, 0x00000000d4080000, 0x00000000eab00000)
  object space 328192K, 99% used [0x00000000c0000000,0x00000000d405c958,0x00000000d4080000)
 Metaspace       used 66174K, committed 67456K, reserved 1114112K
  class space    used 6836K, committed 7360K, reserved 1048576K
}
Event: 85.873 GC heap before
{Heap before GC invocations=389 (full 3):
 PSYoungGen      total 3072K, used 2964K [0x00000000eab00000, 0x00000000eaf80000, 0x0000000100000000)
  eden space 2048K, 97% used [0x00000000eab00000,0x00000000eacf4af0,0x00000000ead00000)
  from space 1024K, 93% used [0x00000000ead00000,0x00000000eadf0810,0x00000000eae00000)
  to   space 1024K, 0% used [0x00000000eae80000,0x00000000eae80000,0x00000000eaf80000)
 ParOldGen       total 328192K, used 328050K [0x00000000c0000000, 0x00000000d4080000, 0x00000000eab00000)
  object space 328192K, 99% used [0x00000000c0000000,0x00000000d405c958,0x00000000d4080000)
 Metaspace       used 66174K, committed 67456K, reserved 1114112K
  class space    used 6836K, committed 7360K, reserved 1048576K
}
Event: 85.877 GC heap after
{Heap after GC invocations=389 (full 3):
 PSYoungGen      total 3584K, used 967K [0x00000000eab00000, 0x00000000eaf80000, 0x0000000100000000)
  eden space 2560K, 0% used [0x00000000eab00000,0x00000000eab00000,0x00000000ead80000)
  from space 1024K, 94% used [0x00000000eae80000,0x00000000eaf71c10,0x00000000eaf80000)
  to   space 1024K, 0% used [0x00000000ead80000,0x00000000ead80000,0x00000000eae80000)
 ParOldGen       total 329216K, used 328821K [0x00000000c0000000, 0x00000000d4180000, 0x00000000eab00000)
  object space 329216K, 99% used [0x00000000c0000000,0x00000000d411d5a0,0x00000000d4180000)
 Metaspace       used 66174K, committed 67456K, reserved 1114112K
  class space    used 6836K, committed 7360K, reserved 1048576K
}
Event: 85.886 GC heap before
{Heap before GC invocations=390 (full 3):
 PSYoungGen      total 3584K, used 3474K [0x00000000eab00000, 0x00000000eaf80000, 0x0000000100000000)
  eden space 2560K, 97% used [0x00000000eab00000,0x00000000ead72fe0,0x00000000ead80000)
  from space 1024K, 94% used [0x00000000eae80000,0x00000000eaf71c10,0x00000000eaf80000)
  to   space 1024K, 0% used [0x00000000ead80000,0x00000000ead80000,0x00000000eae80000)
 ParOldGen       total 329216K, used 328821K [0x00000000c0000000, 0x00000000d4180000, 0x00000000eab00000)
  object space 329216K, 99% used [0x00000000c0000000,0x00000000d411d5a0,0x00000000d4180000)
 Metaspace       used 66174K, committed 67456K, reserved 1114112K
  class space    used 6836K, committed 7360K, reserved 1048576K
}
Event: 85.890 GC heap after
{Heap after GC invocations=390 (full 3):
 PSYoungGen      total 3584K, used 999K [0x00000000eab00000, 0x00000000eb300000, 0x0000000100000000)
  eden space 2560K, 0% used [0x00000000eab00000,0x00000000eab00000,0x00000000ead80000)
  from space 1024K, 97% used [0x00000000ead80000,0x00000000eae79d28,0x00000000eae80000)
  to   space 2560K, 0% used [0x00000000eb080000,0x00000000eb080000,0x00000000eb300000)
 ParOldGen       total 330240K, used 329954K [0x00000000c0000000, 0x00000000d4280000, 0x00000000eab00000)
  object space 330240K, 99% used [0x00000000c0000000,0x00000000d42389b8,0x00000000d4280000)
 Metaspace       used 66174K, committed 67456K, reserved 1114112K
  class space    used 6836K, committed 7360K, reserved 1048576K
}
Event: 85.902 GC heap before
{Heap before GC invocations=391 (full 3):
 PSYoungGen      total 3584K, used 3559K [0x00000000eab00000, 0x00000000eb300000, 0x0000000100000000)
  eden space 2560K, 100% used [0x00000000eab00000,0x00000000ead80000,0x00000000ead80000)
  from space 1024K, 97% used [0x00000000ead80000,0x00000000eae79d28,0x00000000eae80000)
  to   space 2560K, 0% used [0x00000000eb080000,0x00000000eb080000,0x00000000eb300000)
 ParOldGen       total 330240K, used 329954K [0x00000000c0000000, 0x00000000d4280000, 0x00000000eab00000)
  object space 330240K, 99% used [0x00000000c0000000,0x00000000d42389b8,0x00000000d4280000)
 Metaspace       used 66174K, committed 67456K, reserved 1114112K
  class space    used 6836K, committed 7360K, reserved 1048576K
}
Event: 85.906 GC heap after
{Heap after GC invocations=391 (full 3):
 PSYoungGen      total 4608K, used 1131K [0x00000000eab00000, 0x00000000eb200000, 0x0000000100000000)
  eden space 3072K, 0% used [0x00000000eab00000,0x00000000eab00000,0x00000000eae00000)
  from space 1536K, 73% used [0x00000000eb080000,0x00000000eb19ad70,0x00000000eb200000)
  to   space 1536K, 0% used [0x00000000eaf00000,0x00000000eaf00000,0x00000000eb080000)
 ParOldGen       total 330752K, used 330695K [0x00000000c0000000, 0x00000000d4300000, 0x00000000eab00000)
  object space 330752K, 99% used [0x00000000c0000000,0x00000000d42f1e28,0x00000000d4300000)
 Metaspace       used 66174K, committed 67456K, reserved 1114112K
  class space    used 6836K, committed 7360K, reserved 1048576K
}
Event: 85.925 GC heap before
{Heap before GC invocations=392 (full 3):
 PSYoungGen      total 4608K, used 4148K [0x00000000eab00000, 0x00000000eb200000, 0x0000000100000000)
  eden space 3072K, 98% used [0x00000000eab00000,0x00000000eadf2488,0x00000000eae00000)
  from space 1536K, 73% used [0x00000000eb080000,0x00000000eb19ad70,0x00000000eb200000)
  to   space 1536K, 0% used [0x00000000eaf00000,0x00000000eaf00000,0x00000000eb080000)
 ParOldGen       total 330752K, used 330695K [0x00000000c0000000, 0x00000000d4300000, 0x00000000eab00000)
  object space 330752K, 99% used [0x00000000c0000000,0x00000000d42f1e28,0x00000000d4300000)
 Metaspace       used 66174K, committed 67456K, reserved 1114112K
  class space    used 6836K, committed 7360K, reserved 1048576K
}
Event: 85.931 GC heap after
{Heap after GC invocations=392 (full 3):
 PSYoungGen      total 5632K, used 1471K [0x00000000eab00000, 0x00000000eb300000, 0x0000000100000000)
  eden space 4096K, 0% used [0x00000000eab00000,0x00000000eab00000,0x00000000eaf00000)
  from space 1536K, 95% used [0x00000000eaf00000,0x00000000eb06fd78,0x00000000eb080000)
  to   space 2048K, 0% used [0x00000000eb100000,0x00000000eb100000,0x00000000eb300000)
 ParOldGen       total 331776K, used 331669K [0x00000000c0000000, 0x00000000d4400000, 0x00000000eab00000)
  object space 331776K, 99% used [0x00000000c0000000,0x00000000d43e5780,0x00000000d4400000)
 Metaspace       used 66174K, committed 67456K, reserved 1114112K
  class space    used 6836K, committed 7360K, reserved 1048576K
}
Event: 85.946 GC heap before
{Heap before GC invocations=393 (full 3):
 PSYoungGen      total 5632K, used 5501K [0x00000000eab00000, 0x00000000eb300000, 0x0000000100000000)
  eden space 4096K, 98% used [0x00000000eab00000,0x00000000eaeef6a0,0x00000000eaf00000)
  from space 1536K, 95% used [0x00000000eaf00000,0x00000000eb06fd78,0x00000000eb080000)
  to   space 2048K, 0% used [0x00000000eb100000,0x00000000eb100000,0x00000000eb300000)
 ParOldGen       total 331776K, used 331669K [0x00000000c0000000, 0x00000000d4400000, 0x00000000eab00000)
  object space 331776K, 99% used [0x00000000c0000000,0x00000000d43e5780,0x00000000d4400000)
 Metaspace       used 66174K, committed 67456K, reserved 1114112K
  class space    used 6836K, committed 7360K, reserved 1048576K
}
Event: 85.950 GC heap after
{Heap after GC invocations=393 (full 3):
 PSYoungGen      total 6144K, used 1814K [0x00000000eab00000, 0x00000000eb400000, 0x0000000100000000)
  eden space 4096K, 0% used [0x00000000eab00000,0x00000000eab00000,0x00000000eaf00000)
  from space 2048K, 88% used [0x00000000eb100000,0x00000000eb2c5ae0,0x00000000eb300000)
  to   space 2048K, 0% used [0x00000000eaf00000,0x00000000eaf00000,0x00000000eb100000)
 ParOldGen       total 333312K, used 332910K [0x00000000c0000000, 0x00000000d4580000, 0x00000000eab00000)
  object space 333312K, 99% used [0x00000000c0000000,0x00000000d451bad8,0x00000000d4580000)
 Metaspace       used 66174K, committed 67456K, reserved 1114112K
  class space    used 6836K, committed 7360K, reserved 1048576K
}
Event: 85.965 GC heap before
{Heap before GC invocations=394 (full 3):
 PSYoungGen      total 6144K, used 5898K [0x00000000eab00000, 0x00000000eb400000, 0x0000000100000000)
  eden space 4096K, 99% used [0x00000000eab00000,0x00000000eaefcfc0,0x00000000eaf00000)
  from space 2048K, 88% used [0x00000000eb100000,0x00000000eb2c5ae0,0x00000000eb300000)
  to   space 2048K, 0% used [0x00000000eaf00000,0x00000000eaf00000,0x00000000eb100000)
 ParOldGen       total 333312K, used 332910K [0x00000000c0000000, 0x00000000d4580000, 0x00000000eab00000)
  object space 333312K, 99% used [0x00000000c0000000,0x00000000d451bad8,0x00000000d4580000)
 Metaspace       used 66174K, committed 67456K, reserved 1114112K
  class space    used 6836K, committed 7360K, reserved 1048576K
}
Event: 86.971 GC heap after
{Heap after GC invocations=394 (full 3):
 PSYoungGen      total 6144K, used 1832K [0x00000000eab00000, 0x00000000eb400000, 0x0000000100000000)
  eden space 4096K, 0% used [0x00000000eab00000,0x00000000eab00000,0x00000000eaf00000)
  from space 2048K, 89% used [0x00000000eaf00000,0x00000000eb0ca2e8,0x00000000eb100000)
  to   space 2048K, 0% used [0x00000000eb200000,0x00000000eb200000,0x00000000eb400000)
 ParOldGen       total 334848K, used 334614K [0x00000000c0000000, 0x00000000d4700000, 0x00000000eab00000)
  object space 334848K, 99% used [0x00000000c0000000,0x00000000d46c5be0,0x00000000d4700000)
 Metaspace       used 66174K, committed 67456K, reserved 1114112K
  class space    used 6836K, committed 7360K, reserved 1048576K
}

