# JRE version: OpenJDK Runtime Environment Temurin-21.0.7+6 (21.0.7+6) (build 21.0.7+6-LTS)
# Java VM: OpenJDK 64-Bit Server VM Temurin-21.0.7+6 (21.0.7+6-LTS, mixed mode, sharing, tiered, compressed oops, compressed class ptrs, parallel gc, windows-amd64)
GC Precious Log:
 CardTable entry size: 512
 CPUs: 12 total, 12 available
 Memory: 7876M
 Large Page Support: Disabled
 NUMA Support: Disabled
 Compressed Oops: Enabled (32-bit)
 Alignments: Space 512K, Generation 512K, Heap 2M
 Heap Min Capacity: 100M
 Heap Initial Capacity: 100M
 Heap Max Capacity: 1G
 Pre-touch: Disabled
 Parallel Workers: 10
Heap:
 PSYoungGen      total 6656K, used 0K [0x00000000eab00000, 0x00000000eb480000, 0x0000000100000000)
  eden space 6144K, 0% used [0x00000000eab00000,0x00000000eab00000,0x00000000eb100000)
  from space 512K, 0% used [0x00000000eb400000,0x00000000eb400000,0x00000000eb480000)
  to   space 512K, 0% used [0x00000000eb380000,0x00000000eb380000,0x00000000eb400000)
 ParOldGen       total 478720K, used 478416K [0x00000000c0000000, 0x00000000dd380000, 0x00000000eab00000)
  object space 478720K, 99% used [0x00000000c0000000,0x00000000dd334188,0x00000000dd380000)
 Metaspace       used 67322K, committed 68736K, reserved 1114112K
  class space    used 6963K, committed 7616K, reserved 1048576K
GC Heap History (20 events):
Event: 46.913 GC heap after
{Heap after GC invocations=562 (full 3):
 PSYoungGen      total 3072K, used 1005K [0x00000000eab00000, 0x00000000eb380000, 0x0000000100000000)
  eden space 2048K, 0% used [0x00000000eab00000,0x00000000eab00000,0x00000000ead00000)
  from space 1024K, 98% used [0x00000000ead00000,0x00000000eadfb4d0,0x00000000eae00000)
  to   space 3072K, 0% used [0x00000000eb080000,0x00000000eb080000,0x00000000eb380000)
 ParOldGen       total 418816K, used 418369K [0x00000000c0000000, 0x00000000d9900000, 0x00000000eab00000)
  object space 418816K, 99% used [0x00000000c0000000,0x00000000d9890578,0x00000000d9900000)
 Metaspace       used 66254K, committed 67648K, reserved 1114112K
  class space    used 6878K, committed 7488K, reserved 1048576K
}
Event: 46.934 GC heap before
{Heap before GC invocations=563 (full 3):
 PSYoungGen      total 3072K, used 3053K [0x00000000eab00000, 0x00000000eb380000, 0x0000000100000000)
  eden space 2048K, 100% used [0x00000000eab00000,0x00000000ead00000,0x00000000ead00000)
  from space 1024K, 98% used [0x00000000ead00000,0x00000000eadfb4d0,0x00000000eae00000)
  to   space 3072K, 0% used [0x00000000eb080000,0x00000000eb080000,0x00000000eb380000)
 ParOldGen       total 418816K, used 418369K [0x00000000c0000000, 0x00000000d9900000, 0x00000000eab00000)
  object space 418816K, 99% used [0x00000000c0000000,0x00000000d9890578,0x00000000d9900000)
 Metaspace       used 66254K, committed 67648K, reserved 1114112K
  class space    used 6878K, committed 7488K, reserved 1048576K
}
Event: 46.942 GC heap after
{Heap after GC invocations=563 (full 3):
 PSYoungGen      total 5120K, used 2176K [0x00000000eab00000, 0x00000000eb300000, 0x0000000100000000)
  eden space 2560K, 0% used [0x00000000eab00000,0x00000000eab00000,0x00000000ead80000)
  from space 2560K, 85% used [0x00000000eb080000,0x00000000eb2a0000,0x00000000eb300000)
  to   space 2560K, 0% used [0x00000000eae00000,0x00000000eae00000,0x00000000eb080000)
 ParOldGen       total 419840K, used 419414K [0x00000000c0000000, 0x00000000d9a00000, 0x00000000eab00000)
  object space 419840K, 99% used [0x00000000c0000000,0x00000000d9995a48,0x00000000d9a00000)
 Metaspace       used 66254K, committed 67648K, reserved 1114112K
  class space    used 6878K, committed 7488K, reserved 1048576K
}
Event: 46.966 GC heap before
{Heap before GC invocations=564 (full 3):
 PSYoungGen      total 5120K, used 4736K [0x00000000eab00000, 0x00000000eb300000, 0x0000000100000000)
  eden space 2560K, 100% used [0x00000000eab00000,0x00000000ead80000,0x00000000ead80000)
  from space 2560K, 85% used [0x00000000eb080000,0x00000000eb2a0000,0x00000000eb300000)
  to   space 2560K, 0% used [0x00000000eae00000,0x00000000eae00000,0x00000000eb080000)
 ParOldGen       total 419840K, used 419414K [0x00000000c0000000, 0x00000000d9a00000, 0x00000000eab00000)
  object space 419840K, 99% used [0x00000000c0000000,0x00000000d9995a48,0x00000000d9a00000)
 Metaspace       used 66261K, committed 67648K, reserved 1114112K
  class space    used 6878K, committed 7488K, reserved 1048576K
}
Event: 46.976 GC heap after
{Heap after GC invocations=564 (full 3):
 PSYoungGen      total 5632K, used 2532K [0x00000000eab00000, 0x00000000eb900000, 0x0000000100000000)
  eden space 3072K, 0% used [0x00000000eab00000,0x00000000eab00000,0x00000000eae00000)
  from space 2560K, 98% used [0x00000000eae00000,0x00000000eb079028,0x00000000eb080000)
  to   space 5632K, 0% used [0x00000000eb380000,0x00000000eb380000,0x00000000eb900000)
 ParOldGen       total 421888K, used 421582K [0x00000000c0000000, 0x00000000d9c00000, 0x00000000eab00000)
  object space 421888K, 99% used [0x00000000c0000000,0x00000000d9bb3a48,0x00000000d9c00000)
 Metaspace       used 66261K, committed 67648K, reserved 1114112K
  class space    used 6878K, committed 7488K, reserved 1048576K
}
Event: 47.009 GC heap before
{Heap before GC invocations=565 (full 3):
 PSYoungGen      total 5632K, used 5604K [0x00000000eab00000, 0x00000000eb900000, 0x0000000100000000)
  eden space 3072K, 100% used [0x00000000eab00000,0x00000000eae00000,0x00000000eae00000)
  from space 2560K, 98% used [0x00000000eae00000,0x00000000eb079028,0x00000000eb080000)
  to   space 5632K, 0% used [0x00000000eb380000,0x00000000eb380000,0x00000000eb900000)
 ParOldGen       total 421888K, used 421582K [0x00000000c0000000, 0x00000000d9c00000, 0x00000000eab00000)
  object space 421888K, 99% used [0x00000000c0000000,0x00000000d9bb3a48,0x00000000d9c00000)
 Metaspace       used 66262K, committed 67648K, reserved 1114112K
  class space    used 6878K, committed 7488K, reserved 1048576K
}
Event: 47.018 GC heap after
{Heap after GC invocations=565 (full 3):
 PSYoungGen      total 5632K, used 1469K [0x00000000eab00000, 0x00000000eb500000, 0x0000000100000000)
  eden space 4096K, 0% used [0x00000000eab00000,0x00000000eab00000,0x00000000eaf00000)
  from space 1536K, 95% used [0x00000000eb380000,0x00000000eb4ef488,0x00000000eb500000)
  to   space 3072K, 0% used [0x00000000eaf00000,0x00000000eaf00000,0x00000000eb200000)
 ParOldGen       total 423936K, used 423602K [0x00000000c0000000, 0x00000000d9e00000, 0x00000000eab00000)
  object space 423936K, 99% used [0x00000000c0000000,0x00000000d9daca30,0x00000000d9e00000)
 Metaspace       used 66262K, committed 67648K, reserved 1114112K
  class space    used 6878K, committed 7488K, reserved 1048576K
}
Event: 47.061 GC heap before
{Heap before GC invocations=566 (full 3):
 PSYoungGen      total 5632K, used 5565K [0x00000000eab00000, 0x00000000eb500000, 0x0000000100000000)
  eden space 4096K, 100% used [0x00000000eab00000,0x00000000eaf00000,0x00000000eaf00000)
  from space 1536K, 95% used [0x00000000eb380000,0x00000000eb4ef488,0x00000000eb500000)
  to   space 3072K, 0% used [0x00000000eaf00000,0x00000000eaf00000,0x00000000eb200000)
 ParOldGen       total 423936K, used 423602K [0x00000000c0000000, 0x00000000d9e00000, 0x00000000eab00000)
  object space 423936K, 99% used [0x00000000c0000000,0x00000000d9daca30,0x00000000d9e00000)
 Metaspace       used 66274K, committed 67712K, reserved 1114112K
  class space    used 6878K, committed 7488K, reserved 1048576K
}
Event: 47.074 GC heap after
{Heap after GC invocations=566 (full 3):
 PSYoungGen      total 7168K, used 3071K [0x00000000eab00000, 0x00000000ebc00000, 0x0000000100000000)
  eden space 4096K, 0% used [0x00000000eab00000,0x00000000eab00000,0x00000000eaf00000)
  from space 3072K, 99% used [0x00000000eaf00000,0x00000000eb1fffe0,0x00000000eb200000)
  to   space 6144K, 0% used [0x00000000eb600000,0x00000000eb600000,0x00000000ebc00000)
 ParOldGen       total 425984K, used 425884K [0x00000000c0000000, 0x00000000da000000, 0x00000000eab00000)
  object space 425984K, 99% used [0x00000000c0000000,0x00000000d9fe70e0,0x00000000da000000)
 Metaspace       used 66274K, committed 67712K, reserved 1114112K
  class space    used 6878K, committed 7488K, reserved 1048576K
}
Event: 47.222 GC heap before
{Heap before GC invocations=567 (full 3):
 PSYoungGen      total 7168K, used 7167K [0x00000000eab00000, 0x00000000ebc00000, 0x0000000100000000)
  eden space 4096K, 100% used [0x00000000eab00000,0x00000000eaf00000,0x00000000eaf00000)
  from space 3072K, 99% used [0x00000000eaf00000,0x00000000eb1fffe0,0x00000000eb200000)
  to   space 6144K, 0% used [0x00000000eb600000,0x00000000eb600000,0x00000000ebc00000)
 ParOldGen       total 425984K, used 425884K [0x00000000c0000000, 0x00000000da000000, 0x00000000eab00000)
  object space 425984K, 99% used [0x00000000c0000000,0x00000000d9fe70e0,0x00000000da000000)
 Metaspace       used 66355K, committed 67840K, reserved 1114112K
  class space    used 6894K, committed 7552K, reserved 1048576K
}
Event: 47.233 GC heap after
{Heap after GC invocations=567 (full 3):
 PSYoungGen      total 7680K, used 2253K [0x00000000eab00000, 0x00000000eb880000, 0x0000000100000000)
  eden space 5120K, 0% used [0x00000000eab00000,0x00000000eab00000,0x00000000eb000000)
  from space 2560K, 88% used [0x00000000eb600000,0x00000000eb8334c8,0x00000000eb880000)
  to   space 3584K, 0% used [0x00000000eb180000,0x00000000eb180000,0x00000000eb500000)
 ParOldGen       total 428544K, used 428155K [0x00000000c0000000, 0x00000000da280000, 0x00000000eab00000)
  object space 428544K, 99% used [0x00000000c0000000,0x00000000da21eec0,0x00000000da280000)
 Metaspace       used 66355K, committed 67840K, reserved 1114112K
  class space    used 6894K, committed 7552K, reserved 1048576K
}
Event: 47.304 GC heap before
{Heap before GC invocations=568 (full 3):
 PSYoungGen      total 7680K, used 7373K [0x00000000eab00000, 0x00000000eb880000, 0x0000000100000000)
  eden space 5120K, 100% used [0x00000000eab00000,0x00000000eb000000,0x00000000eb000000)
  from space 2560K, 88% used [0x00000000eb600000,0x00000000eb8334c8,0x00000000eb880000)
  to   space 3584K, 0% used [0x00000000eb180000,0x00000000eb180000,0x00000000eb500000)
 ParOldGen       total 428544K, used 428155K [0x00000000c0000000, 0x00000000da280000, 0x00000000eab00000)
  object space 428544K, 99% used [0x00000000c0000000,0x00000000da21eec0,0x00000000da280000)
 Metaspace       used 66436K, committed 67904K, reserved 1114112K
  class space    used 6905K, committed 7552K, reserved 1048576K
}
Event: 47.313 GC heap after
{Heap after GC invocations=568 (full 3):
 PSYoungGen      total 8704K, used 3563K [0x00000000eab00000, 0x00000000ebe00000, 0x0000000100000000)
  eden space 5120K, 0% used [0x00000000eab00000,0x00000000eab00000,0x00000000eb000000)
  from space 3584K, 99% used [0x00000000eb180000,0x00000000eb4fafe8,0x00000000eb500000)
  to   space 7168K, 0% used [0x00000000eb700000,0x00000000eb700000,0x00000000ebe00000)
 ParOldGen       total 431104K, used 430799K [0x00000000c0000000, 0x00000000da500000, 0x00000000eab00000)
  object space 431104K, 99% used [0x00000000c0000000,0x00000000da4b3d08,0x00000000da500000)
 Metaspace       used 66436K, committed 67904K, reserved 1114112K
  class space    used 6905K, committed 7552K, reserved 1048576K
}
Event: 47.441 GC heap before
{Heap before GC invocations=569 (full 3):
 PSYoungGen      total 8704K, used 7872K [0x00000000eab00000, 0x00000000ebe00000, 0x0000000100000000)
  eden space 5120K, 84% used [0x00000000eab00000,0x00000000eaf35168,0x00000000eb000000)
  from space 3584K, 99% used [0x00000000eb180000,0x00000000eb4fafe8,0x00000000eb500000)
  to   space 7168K, 0% used [0x00000000eb700000,0x00000000eb700000,0x00000000ebe00000)
 ParOldGen       total 431104K, used 430799K [0x00000000c0000000, 0x00000000da500000, 0x00000000eab00000)
  object space 431104K, 99% used [0x00000000c0000000,0x00000000da4b3d08,0x00000000da500000)
 Metaspace       used 66621K, committed 68032K, reserved 1114112K
  class space    used 6923K, committed 7552K, reserved 1048576K
}
Event: 47.451 GC heap after
{Heap after GC invocations=569 (full 3):
 PSYoungGen      total 7680K, used 2166K [0x00000000eab00000, 0x00000000eb980000, 0x0000000100000000)
  eden space 5120K, 0% used [0x00000000eab00000,0x00000000eab00000,0x00000000eb000000)
  from space 2560K, 84% used [0x00000000eb700000,0x00000000eb91db30,0x00000000eb980000)
  to   space 4096K, 0% used [0x00000000eb180000,0x00000000eb180000,0x00000000eb580000)
 ParOldGen       total 434688K, used 434385K [0x00000000c0000000, 0x00000000da880000, 0x00000000eab00000)
  object space 434688K, 99% used [0x00000000c0000000,0x00000000da834480,0x00000000da880000)
 Metaspace       used 66621K, committed 68032K, reserved 1114112K
  class space    used 6923K, committed 7552K, reserved 1048576K
}
Event: 47.495 GC heap before
{Heap before GC invocations=570 (full 3):
 PSYoungGen      total 7680K, used 6600K [0x00000000eab00000, 0x00000000eb980000, 0x0000000100000000)
  eden space 5120K, 86% used [0x00000000eab00000,0x00000000eaf548c8,0x00000000eb000000)
  from space 2560K, 84% used [0x00000000eb700000,0x00000000eb91db30,0x00000000eb980000)
  to   space 4096K, 0% used [0x00000000eb180000,0x00000000eb180000,0x00000000eb580000)
 ParOldGen       total 434688K, used 434385K [0x00000000c0000000, 0x00000000da880000, 0x00000000eab00000)
  object space 434688K, 99% used [0x00000000c0000000,0x00000000da834480,0x00000000da880000)
 Metaspace       used 66767K, committed 68160K, reserved 1114112K
  class space    used 6931K, committed 7552K, reserved 1048576K
}
Event: 47.503 GC heap after
{Heap after GC invocations=570 (full 3):
 PSYoungGen      total 7680K, used 2499K [0x00000000eab00000, 0x00000000eb780000, 0x0000000100000000)
  eden space 5120K, 0% used [0x00000000eab00000,0x00000000eab00000,0x00000000eb000000)
  from space 2560K, 97% used [0x00000000eb180000,0x00000000eb3f0d10,0x00000000eb400000)
  to   space 3072K, 0% used [0x00000000eb480000,0x00000000eb480000,0x00000000eb780000)
 ParOldGen       total 436736K, used 436384K [0x00000000c0000000, 0x00000000daa80000, 0x00000000eab00000)
  object space 436736K, 99% used [0x00000000c0000000,0x00000000daa28238,0x00000000daa80000)
 Metaspace       used 66767K, committed 68160K, reserved 1114112K
  class space    used 6931K, committed 7552K, reserved 1048576K
}
Event: 47.959 GC heap before
{Heap before GC invocations=571 (full 3):
 PSYoungGen      total 7680K, used 7596K [0x00000000eab00000, 0x00000000eb780000, 0x0000000100000000)
  eden space 5120K, 99% used [0x00000000eab00000,0x00000000eaffa318,0x00000000eb000000)
  from space 2560K, 97% used [0x00000000eb180000,0x00000000eb3f0d10,0x00000000eb400000)
  to   space 3072K, 0% used [0x00000000eb480000,0x00000000eb480000,0x00000000eb780000)
 ParOldGen       total 448512K, used 447874K [0x00000000c0000000, 0x00000000db600000, 0x00000000eab00000)
  object space 448512K, 99% used [0x00000000c0000000,0x00000000db560a58,0x00000000db600000)
 Metaspace       used 67109K, committed 68544K, reserved 1114112K
  class space    used 6956K, committed 7616K, reserved 1048576K
}
Event: 47.966 GC heap after
{Heap after GC invocations=571 (full 3):
 PSYoungGen      total 6144K, used 528K [0x00000000eab00000, 0x00000000eb580000, 0x0000000100000000)
  eden space 5120K, 0% used [0x00000000eab00000,0x00000000eab00000,0x00000000eb000000)
  from space 1024K, 51% used [0x00000000eb480000,0x00000000eb504278,0x00000000eb580000)
  to   space 1536K, 0% used [0x00000000eb280000,0x00000000eb280000,0x00000000eb400000)
 ParOldGen       total 451584K, used 450590K [0x00000000c0000000, 0x00000000db900000, 0x00000000eab00000)
  object space 451584K, 99% used [0x00000000c0000000,0x00000000db807958,0x00000000db900000)
 Metaspace       used 67109K, committed 68544K, reserved 1114112K
  class space    used 6956K, committed 7616K, reserved 1048576K
}
Event: 51.468 GC heap before
{Heap before GC invocations=572 (full 3):
 PSYoungGen      total 6144K, used 5648K [0x00000000eab00000, 0x00000000eb580000, 0x0000000100000000)
  eden space 5120K, 100% used [0x00000000eab00000,0x00000000eb000000,0x00000000eb000000)
  from space 1024K, 51% used [0x00000000eb480000,0x00000000eb504278,0x00000000eb580000)
  to   space 1536K, 0% used [0x00000000eb280000,0x00000000eb280000,0x00000000eb400000)
 ParOldGen       total 478208K, used 476919K [0x00000000c0000000, 0x00000000dd300000, 0x00000000eab00000)
  object space 478208K, 99% used [0x00000000c0000000,0x00000000dd1bdf08,0x00000000dd300000)
 Metaspace       used 67322K, committed 68736K, reserved 1114112K
  class space    used 6963K, committed 7616K, reserved 1048576K
}

