# JRE version: OpenJDK Runtime Environment Temurin-21.0.7+6 (21.0.7+6) (build 21.0.7+6-LTS)
# Java VM: OpenJDK 64-Bit Server VM Temurin-21.0.7+6 (21.0.7+6-LTS, mixed mode, sharing, tiered, compressed oops, compressed class ptrs, parallel gc, windows-amd64)
GC Precious Log:
 CardTable entry size: 512
 CPUs: 12 total, 12 available
 Memory: 7876M
 Large Page Support: Disabled
 NUMA Support: Disabled
 Compressed Oops: Enabled (32-bit)
 Alignments: Space 512K, Generation 512K, Heap 2M
 Heap Min Capacity: 100M
 Heap Initial Capacity: 100M
 Heap Max Capacity: 1G
 Pre-touch: Disabled
 Parallel Workers: 10
Heap:
 PSYoungGen      total 22016K, used 18772K [0x00000000eab00000, 0x00000000ec980000, 0x0000000100000000)
  eden space 18944K, 82% used [0x00000000eab00000,0x00000000eba56c58,0x00000000ebd80000)
  from space 3072K, 99% used [0x00000000ebd80000,0x00000000ec07e620,0x00000000ec080000)
  to   space 6144K, 0% used [0x00000000ec380000,0x00000000ec380000,0x00000000ec980000)
 ParOldGen       total 68608K, used 34158K [0x00000000c0000000, 0x00000000c4300000, 0x00000000eab00000)
  object space 68608K, 49% used [0x00000000c0000000,0x00000000c215ba28,0x00000000c4300000)
 Metaspace       used 42804K, committed 43968K, reserved 1114112K
  class space    used 4197K, committed 4736K, reserved 1048576K
GC Heap History (20 events):
Event: 17.805 GC heap before
{Heap before GC invocations=16 (full 1):
 PSYoungGen      total 23552K, used 23520K [0x00000000eab00000, 0x00000000ec580000, 0x0000000100000000)
  eden space 20992K, 100% used [0x00000000eab00000,0x00000000ebf80000,0x00000000ebf80000)
  from space 2560K, 98% used [0x00000000ec300000,0x00000000ec578010,0x00000000ec580000)
  to   space 3072K, 0% used [0x00000000ebf80000,0x00000000ebf80000,0x00000000ec280000)
 ParOldGen       total 68608K, used 23254K [0x00000000c0000000, 0x00000000c4300000, 0x00000000eab00000)
  object space 68608K, 33% used [0x00000000c0000000,0x00000000c16b58c0,0x00000000c4300000)
 Metaspace       used 32001K, committed 32960K, reserved 1114112K
  class space    used 3177K, committed 3584K, reserved 1048576K
}
Event: 17.811 GC heap after
{Heap after GC invocations=16 (full 1):
 PSYoungGen      total 23552K, used 2232K [0x00000000eab00000, 0x00000000ec480000, 0x0000000100000000)
  eden space 20992K, 0% used [0x00000000eab00000,0x00000000eab00000,0x00000000ebf80000)
  from space 2560K, 87% used [0x00000000ebf80000,0x00000000ec1ae200,0x00000000ec200000)
  to   space 2560K, 0% used [0x00000000ec200000,0x00000000ec200000,0x00000000ec480000)
 ParOldGen       total 68608K, used 25654K [0x00000000c0000000, 0x00000000c4300000, 0x00000000eab00000)
  object space 68608K, 37% used [0x00000000c0000000,0x00000000c190d8d0,0x00000000c4300000)
 Metaspace       used 32001K, committed 32960K, reserved 1114112K
  class space    used 3177K, committed 3584K, reserved 1048576K
}
Event: 18.361 GC heap before
{Heap before GC invocations=17 (full 1):
 PSYoungGen      total 23552K, used 23216K [0x00000000eab00000, 0x00000000ec480000, 0x0000000100000000)
  eden space 20992K, 99% used [0x00000000eab00000,0x00000000ebf7dea0,0x00000000ebf80000)
  from space 2560K, 87% used [0x00000000ebf80000,0x00000000ec1ae200,0x00000000ec200000)
  to   space 2560K, 0% used [0x00000000ec200000,0x00000000ec200000,0x00000000ec480000)
 ParOldGen       total 68608K, used 25654K [0x00000000c0000000, 0x00000000c4300000, 0x00000000eab00000)
  object space 68608K, 37% used [0x00000000c0000000,0x00000000c190d8d0,0x00000000c4300000)
 Metaspace       used 34362K, committed 35392K, reserved 1114112K
  class space    used 3425K, committed 3840K, reserved 1048576K
}
Event: 18.366 GC heap after
{Heap after GC invocations=17 (full 1):
 PSYoungGen      total 22528K, used 1397K [0x00000000eab00000, 0x00000000ec380000, 0x0000000100000000)
  eden space 20992K, 0% used [0x00000000eab00000,0x00000000eab00000,0x00000000ebf80000)
  from space 1536K, 91% used [0x00000000ec200000,0x00000000ec35d7b0,0x00000000ec380000)
  to   space 2048K, 0% used [0x00000000ebf80000,0x00000000ebf80000,0x00000000ec180000)
 ParOldGen       total 68608K, used 27742K [0x00000000c0000000, 0x00000000c4300000, 0x00000000eab00000)
  object space 68608K, 40% used [0x00000000c0000000,0x00000000c1b17ad0,0x00000000c4300000)
 Metaspace       used 34362K, committed 35392K, reserved 1114112K
  class space    used 3425K, committed 3840K, reserved 1048576K
}
Event: 18.579 GC heap before
{Heap before GC invocations=18 (full 1):
 PSYoungGen      total 22528K, used 14497K [0x00000000eab00000, 0x00000000ec380000, 0x0000000100000000)
  eden space 20992K, 62% used [0x00000000eab00000,0x00000000eb7cae48,0x00000000ebf80000)
  from space 1536K, 91% used [0x00000000ec200000,0x00000000ec35d7b0,0x00000000ec380000)
  to   space 2048K, 0% used [0x00000000ebf80000,0x00000000ebf80000,0x00000000ec180000)
 ParOldGen       total 68608K, used 27742K [0x00000000c0000000, 0x00000000c4300000, 0x00000000eab00000)
  object space 68608K, 40% used [0x00000000c0000000,0x00000000c1b17ad0,0x00000000c4300000)
 Metaspace       used 34816K, committed 35840K, reserved 1114112K
  class space    used 3495K, committed 3968K, reserved 1048576K
}
Event: 18.581 GC heap after
{Heap after GC invocations=18 (full 1):
 PSYoungGen      total 23040K, used 352K [0x00000000eab00000, 0x00000000ec280000, 0x0000000100000000)
  eden space 20992K, 0% used [0x00000000eab00000,0x00000000eab00000,0x00000000ebf80000)
  from space 2048K, 17% used [0x00000000ebf80000,0x00000000ebfd8000,0x00000000ec180000)
  to   space 1024K, 0% used [0x00000000ec180000,0x00000000ec180000,0x00000000ec280000)
 ParOldGen       total 68608K, used 28975K [0x00000000c0000000, 0x00000000c4300000, 0x00000000eab00000)
  object space 68608K, 42% used [0x00000000c0000000,0x00000000c1c4bd60,0x00000000c4300000)
 Metaspace       used 34816K, committed 35840K, reserved 1114112K
  class space    used 3495K, committed 3968K, reserved 1048576K
}
Event: 18.581 GC heap before
{Heap before GC invocations=19 (full 2):
 PSYoungGen      total 23040K, used 352K [0x00000000eab00000, 0x00000000ec280000, 0x0000000100000000)
  eden space 20992K, 0% used [0x00000000eab00000,0x00000000eab00000,0x00000000ebf80000)
  from space 2048K, 17% used [0x00000000ebf80000,0x00000000ebfd8000,0x00000000ec180000)
  to   space 1024K, 0% used [0x00000000ec180000,0x00000000ec180000,0x00000000ec280000)
 ParOldGen       total 68608K, used 28975K [0x00000000c0000000, 0x00000000c4300000, 0x00000000eab00000)
  object space 68608K, 42% used [0x00000000c0000000,0x00000000c1c4bd60,0x00000000c4300000)
 Metaspace       used 34816K, committed 35840K, reserved 1114112K
  class space    used 3495K, committed 3968K, reserved 1048576K
}
Event: 18.646 GC heap after
{Heap after GC invocations=19 (full 2):
 PSYoungGen      total 23040K, used 0K [0x00000000eab00000, 0x00000000ec280000, 0x0000000100000000)
  eden space 20992K, 0% used [0x00000000eab00000,0x00000000eab00000,0x00000000ebf80000)
  from space 2048K, 0% used [0x00000000ebf80000,0x00000000ebf80000,0x00000000ec180000)
  to   space 1024K, 0% used [0x00000000ec180000,0x00000000ec180000,0x00000000ec280000)
 ParOldGen       total 68608K, used 27746K [0x00000000c0000000, 0x00000000c4300000, 0x00000000eab00000)
  object space 68608K, 40% used [0x00000000c0000000,0x00000000c1b18990,0x00000000c4300000)
 Metaspace       used 34746K, committed 35840K, reserved 1114112K
  class space    used 3476K, committed 3968K, reserved 1048576K
}
Event: 18.979 GC heap before
{Heap before GC invocations=20 (full 2):
 PSYoungGen      total 23040K, used 20992K [0x00000000eab00000, 0x00000000ec280000, 0x0000000100000000)
  eden space 20992K, 100% used [0x00000000eab00000,0x00000000ebf80000,0x00000000ebf80000)
  from space 2048K, 0% used [0x00000000ebf80000,0x00000000ebf80000,0x00000000ec180000)
  to   space 1024K, 0% used [0x00000000ec180000,0x00000000ec180000,0x00000000ec280000)
 ParOldGen       total 68608K, used 27746K [0x00000000c0000000, 0x00000000c4300000, 0x00000000eab00000)
  object space 68608K, 40% used [0x00000000c0000000,0x00000000c1b18990,0x00000000c4300000)
 Metaspace       used 36141K, committed 37184K, reserved 1114112K
  class space    used 3599K, committed 4096K, reserved 1048576K
}
Event: 18.981 GC heap after
{Heap after GC invocations=20 (full 2):
 PSYoungGen      total 22016K, used 1017K [0x00000000eab00000, 0x00000000ec380000, 0x0000000100000000)
  eden space 20992K, 0% used [0x00000000eab00000,0x00000000eab00000,0x00000000ebf80000)
  from space 1024K, 99% used [0x00000000ec180000,0x00000000ec27e608,0x00000000ec280000)
  to   space 2048K, 0% used [0x00000000ebf80000,0x00000000ebf80000,0x00000000ec180000)
 ParOldGen       total 68608K, used 28402K [0x00000000c0000000, 0x00000000c4300000, 0x00000000eab00000)
  object space 68608K, 41% used [0x00000000c0000000,0x00000000c1bbc8d0,0x00000000c4300000)
 Metaspace       used 36141K, committed 37184K, reserved 1114112K
  class space    used 3599K, committed 4096K, reserved 1048576K
}
Event: 19.066 GC heap before
{Heap before GC invocations=21 (full 2):
 PSYoungGen      total 22016K, used 21951K [0x00000000eab00000, 0x00000000ec380000, 0x0000000100000000)
  eden space 20992K, 99% used [0x00000000eab00000,0x00000000ebf71658,0x00000000ebf80000)
  from space 1024K, 99% used [0x00000000ec180000,0x00000000ec27e608,0x00000000ec280000)
  to   space 2048K, 0% used [0x00000000ebf80000,0x00000000ebf80000,0x00000000ec180000)
 ParOldGen       total 68608K, used 28402K [0x00000000c0000000, 0x00000000c4300000, 0x00000000eab00000)
  object space 68608K, 41% used [0x00000000c0000000,0x00000000c1bbc8d0,0x00000000c4300000)
 Metaspace       used 36161K, committed 37184K, reserved 1114112K
  class space    used 3599K, committed 4096K, reserved 1048576K
}
Event: 19.069 GC heap after
{Heap after GC invocations=21 (full 2):
 PSYoungGen      total 22016K, used 982K [0x00000000eab00000, 0x00000000ec280000, 0x0000000100000000)
  eden space 20992K, 0% used [0x00000000eab00000,0x00000000eab00000,0x00000000ebf80000)
  from space 1024K, 95% used [0x00000000ebf80000,0x00000000ec075800,0x00000000ec080000)
  to   space 1536K, 0% used [0x00000000ec100000,0x00000000ec100000,0x00000000ec280000)
 ParOldGen       total 68608K, used 29199K [0x00000000c0000000, 0x00000000c4300000, 0x00000000eab00000)
  object space 68608K, 42% used [0x00000000c0000000,0x00000000c1c83c10,0x00000000c4300000)
 Metaspace       used 36161K, committed 37184K, reserved 1114112K
  class space    used 3599K, committed 4096K, reserved 1048576K
}
Event: 19.496 GC heap before
{Heap before GC invocations=22 (full 2):
 PSYoungGen      total 22016K, used 21974K [0x00000000eab00000, 0x00000000ec280000, 0x0000000100000000)
  eden space 20992K, 100% used [0x00000000eab00000,0x00000000ebf80000,0x00000000ebf80000)
  from space 1024K, 95% used [0x00000000ebf80000,0x00000000ec075800,0x00000000ec080000)
  to   space 1536K, 0% used [0x00000000ec100000,0x00000000ec100000,0x00000000ec280000)
 ParOldGen       total 68608K, used 29362K [0x00000000c0000000, 0x00000000c4300000, 0x00000000eab00000)
  object space 68608K, 42% used [0x00000000c0000000,0x00000000c1cacbd8,0x00000000c4300000)
 Metaspace       used 37676K, committed 38720K, reserved 1114112K
  class space    used 3758K, committed 4224K, reserved 1048576K
}
Event: 19.499 GC heap after
{Heap after GC invocations=22 (full 2):
 PSYoungGen      total 22528K, used 1299K [0x00000000eab00000, 0x00000000ec280000, 0x0000000100000000)
  eden space 20992K, 0% used [0x00000000eab00000,0x00000000eab00000,0x00000000ebf80000)
  from space 1536K, 84% used [0x00000000ec100000,0x00000000ec244ff8,0x00000000ec280000)
  to   space 1536K, 0% used [0x00000000ebf80000,0x00000000ebf80000,0x00000000ec100000)
 ParOldGen       total 68608K, used 29378K [0x00000000c0000000, 0x00000000c4300000, 0x00000000eab00000)
  object space 68608K, 42% used [0x00000000c0000000,0x00000000c1cb0bd8,0x00000000c4300000)
 Metaspace       used 37676K, committed 38720K, reserved 1114112K
  class space    used 3758K, committed 4224K, reserved 1048576K
}
Event: 19.899 GC heap before
{Heap before GC invocations=23 (full 2):
 PSYoungGen      total 22528K, used 22291K [0x00000000eab00000, 0x00000000ec280000, 0x0000000100000000)
  eden space 20992K, 100% used [0x00000000eab00000,0x00000000ebf80000,0x00000000ebf80000)
  from space 1536K, 84% used [0x00000000ec100000,0x00000000ec244ff8,0x00000000ec280000)
  to   space 1536K, 0% used [0x00000000ebf80000,0x00000000ebf80000,0x00000000ec100000)
 ParOldGen       total 68608K, used 29380K [0x00000000c0000000, 0x00000000c4300000, 0x00000000eab00000)
  object space 68608K, 42% used [0x00000000c0000000,0x00000000c1cb13b8,0x00000000c4300000)
 Metaspace       used 38550K, committed 39616K, reserved 1114112K
  class space    used 3830K, committed 4288K, reserved 1048576K
}
Event: 19.903 GC heap after
{Heap after GC invocations=23 (full 2):
 PSYoungGen      total 21504K, used 392K [0x00000000eab00000, 0x00000000ec180000, 0x0000000100000000)
  eden space 20992K, 0% used [0x00000000eab00000,0x00000000eab00000,0x00000000ebf80000)
  from space 512K, 76% used [0x00000000ebf80000,0x00000000ebfe2390,0x00000000ec000000)
  to   space 1024K, 0% used [0x00000000ec080000,0x00000000ec080000,0x00000000ec180000)
 ParOldGen       total 68608K, used 30381K [0x00000000c0000000, 0x00000000c4300000, 0x00000000eab00000)
  object space 68608K, 44% used [0x00000000c0000000,0x00000000c1dab418,0x00000000c4300000)
 Metaspace       used 38550K, committed 39616K, reserved 1114112K
  class space    used 3830K, committed 4288K, reserved 1048576K
}
Event: 20.687 GC heap before
{Heap before GC invocations=24 (full 2):
 PSYoungGen      total 21504K, used 21329K [0x00000000eab00000, 0x00000000ec180000, 0x0000000100000000)
  eden space 20992K, 99% used [0x00000000eab00000,0x00000000ebf72168,0x00000000ebf80000)
  from space 512K, 76% used [0x00000000ebf80000,0x00000000ebfe2390,0x00000000ec000000)
  to   space 1024K, 0% used [0x00000000ec080000,0x00000000ec080000,0x00000000ec180000)
 ParOldGen       total 68608K, used 30381K [0x00000000c0000000, 0x00000000c4300000, 0x00000000eab00000)
  object space 68608K, 44% used [0x00000000c0000000,0x00000000c1dab418,0x00000000c4300000)
 Metaspace       used 40372K, committed 41472K, reserved 1114112K
  class space    used 3994K, committed 4480K, reserved 1048576K
}
Event: 20.692 GC heap after
{Heap after GC invocations=24 (full 2):
 PSYoungGen      total 19968K, used 1015K [0x00000000eab00000, 0x00000000ec580000, 0x0000000100000000)
  eden space 18944K, 0% used [0x00000000eab00000,0x00000000eab00000,0x00000000ebd80000)
  from space 1024K, 99% used [0x00000000ec080000,0x00000000ec17de20,0x00000000ec180000)
  to   space 3072K, 0% used [0x00000000ebd80000,0x00000000ebd80000,0x00000000ec080000)
 ParOldGen       total 68608K, used 31722K [0x00000000c0000000, 0x00000000c4300000, 0x00000000eab00000)
  object space 68608K, 46% used [0x00000000c0000000,0x00000000c1efa9a0,0x00000000c4300000)
 Metaspace       used 40372K, committed 41472K, reserved 1114112K
  class space    used 3994K, committed 4480K, reserved 1048576K
}
Event: 21.232 GC heap before
{Heap before GC invocations=25 (full 2):
 PSYoungGen      total 19968K, used 19959K [0x00000000eab00000, 0x00000000ec580000, 0x0000000100000000)
  eden space 18944K, 100% used [0x00000000eab00000,0x00000000ebd80000,0x00000000ebd80000)
  from space 1024K, 99% used [0x00000000ec080000,0x00000000ec17de20,0x00000000ec180000)
  to   space 3072K, 0% used [0x00000000ebd80000,0x00000000ebd80000,0x00000000ec080000)
 ParOldGen       total 68608K, used 31722K [0x00000000c0000000, 0x00000000c4300000, 0x00000000eab00000)
  object space 68608K, 46% used [0x00000000c0000000,0x00000000c1efa9a0,0x00000000c4300000)
 Metaspace       used 41476K, committed 42624K, reserved 1114112K
  class space    used 4078K, committed 4608K, reserved 1048576K
}
Event: 21.238 GC heap after
{Heap after GC invocations=25 (full 2):
 PSYoungGen      total 22016K, used 3065K [0x00000000eab00000, 0x00000000ec980000, 0x0000000100000000)
  eden space 18944K, 0% used [0x00000000eab00000,0x00000000eab00000,0x00000000ebd80000)
  from space 3072K, 99% used [0x00000000ebd80000,0x00000000ec07e620,0x00000000ec080000)
  to   space 6144K, 0% used [0x00000000ec380000,0x00000000ec380000,0x00000000ec980000)
 ParOldGen       total 68608K, used 34158K [0x00000000c0000000, 0x00000000c4300000, 0x00000000eab00000)
  object space 68608K, 49% used [0x00000000c0000000,0x00000000c215ba28,0x00000000c4300000)
 Metaspace       used 41476K, committed 42624K, reserved 1114112K
  class space    used 4078K, committed 4608K, reserved 1048576K
}

