# JRE version: OpenJDK Runtime Environment Temurin-21.0.7+6 (21.0.7+6) (build 21.0.7+6-LTS)
# Java VM: OpenJDK 64-Bit Server VM Temurin-21.0.7+6 (21.0.7+6-LTS, mixed mode, sharing, tiered, compressed oops, compressed class ptrs, parallel gc, windows-amd64)
GC Precious Log:
 CardTable entry size: 512
 CPUs: 12 total, 12 available
 Memory: 7876M
 Large Page Support: Disabled
 NUMA Support: Disabled
 Compressed Oops: Enabled (32-bit)
 Alignments: Space 512K, Generation 512K, Heap 2M
 Heap Min Capacity: 100M
 Heap Initial Capacity: 100M
 Heap Max Capacity: 1G
 Pre-touch: Disabled
 Parallel Workers: 10
Heap:
 PSYoungGen      total 21504K, used 13059K [0x00000000eab00000, 0x00000000ec380000, 0x0000000100000000)
  eden space 20480K, 58% used [0x00000000eab00000,0x00000000eb6c8910,0x00000000ebf00000)
  from space 1024K, 96% used [0x00000000ec100000,0x00000000ec1f84f0,0x00000000ec200000)
  to   space 2048K, 0% used [0x00000000ebf00000,0x00000000ebf00000,0x00000000ec100000)
 ParOldGen       total 68608K, used 28458K [0x00000000c0000000, 0x00000000c4300000, 0x00000000eab00000)
  object space 68608K, 41% used [0x00000000c0000000,0x00000000c1bca930,0x00000000c4300000)
 Metaspace       used 40064K, committed 41088K, reserved 1114112K
  class space    used 3938K, committed 4416K, reserved 1048576K
GC Heap History (20 events):
Event: 8.254 GC heap before
{Heap before GC invocations=13 (full 1):
 PSYoungGen      total 25088K, used 24593K [0x00000000eab00000, 0x00000000ec680000, 0x0000000100000000)
  eden space 22016K, 100% used [0x00000000eab00000,0x00000000ec080000,0x00000000ec080000)
  from space 3072K, 83% used [0x00000000ec200000,0x00000000ec484420,0x00000000ec500000)
  to   space 1536K, 0% used [0x00000000ec500000,0x00000000ec500000,0x00000000ec680000)
 ParOldGen       total 68608K, used 15852K [0x00000000c0000000, 0x00000000c4300000, 0x00000000eab00000)
  object space 68608K, 23% used [0x00000000c0000000,0x00000000c0f7b318,0x00000000c4300000)
 Metaspace       used 31825K, committed 32704K, reserved 1114112K
  class space    used 3144K, committed 3520K, reserved 1048576K
}
Event: 8.262 GC heap after
{Heap after GC invocations=13 (full 1):
 PSYoungGen      total 22528K, used 1506K [0x00000000eab00000, 0x00000000ecb80000, 0x0000000100000000)
  eden space 20992K, 0% used [0x00000000eab00000,0x00000000eab00000,0x00000000ebf80000)
  from space 1536K, 98% used [0x00000000ec500000,0x00000000ec678810,0x00000000ec680000)
  to   space 5632K, 0% used [0x00000000ebf80000,0x00000000ebf80000,0x00000000ec500000)
 ParOldGen       total 68608K, used 19270K [0x00000000c0000000, 0x00000000c4300000, 0x00000000eab00000)
  object space 68608K, 28% used [0x00000000c0000000,0x00000000c12d19c0,0x00000000c4300000)
 Metaspace       used 31825K, committed 32704K, reserved 1114112K
  class space    used 3144K, committed 3520K, reserved 1048576K
}
Event: 8.368 GC heap before
{Heap before GC invocations=14 (full 1):
 PSYoungGen      total 22528K, used 22498K [0x00000000eab00000, 0x00000000ecb80000, 0x0000000100000000)
  eden space 20992K, 100% used [0x00000000eab00000,0x00000000ebf80000,0x00000000ebf80000)
  from space 1536K, 98% used [0x00000000ec500000,0x00000000ec678810,0x00000000ec680000)
  to   space 5632K, 0% used [0x00000000ebf80000,0x00000000ebf80000,0x00000000ec500000)
 ParOldGen       total 68608K, used 19270K [0x00000000c0000000, 0x00000000c4300000, 0x00000000eab00000)
  object space 68608K, 28% used [0x00000000c0000000,0x00000000c12d19c0,0x00000000c4300000)
 Metaspace       used 31833K, committed 32704K, reserved 1114112K
  class space    used 3144K, committed 3520K, reserved 1048576K
}
Event: 8.374 GC heap after
{Heap after GC invocations=14 (full 1):
 PSYoungGen      total 23552K, used 2340K [0x00000000eab00000, 0x00000000ec680000, 0x0000000100000000)
  eden space 20992K, 0% used [0x00000000eab00000,0x00000000eab00000,0x00000000ebf80000)
  from space 2560K, 91% used [0x00000000ebf80000,0x00000000ec1c9000,0x00000000ec200000)
  to   space 3584K, 0% used [0x00000000ec300000,0x00000000ec300000,0x00000000ec680000)
 ParOldGen       total 68608K, used 20686K [0x00000000c0000000, 0x00000000c4300000, 0x00000000eab00000)
  object space 68608K, 30% used [0x00000000c0000000,0x00000000c14339d0,0x00000000c4300000)
 Metaspace       used 31833K, committed 32704K, reserved 1114112K
  class space    used 3144K, committed 3520K, reserved 1048576K
}
Event: 8.541 GC heap before
{Heap before GC invocations=15 (full 1):
 PSYoungGen      total 23552K, used 23332K [0x00000000eab00000, 0x00000000ec680000, 0x0000000100000000)
  eden space 20992K, 100% used [0x00000000eab00000,0x00000000ebf80000,0x00000000ebf80000)
  from space 2560K, 91% used [0x00000000ebf80000,0x00000000ec1c9000,0x00000000ec200000)
  to   space 3584K, 0% used [0x00000000ec300000,0x00000000ec300000,0x00000000ec680000)
 ParOldGen       total 68608K, used 20686K [0x00000000c0000000, 0x00000000c4300000, 0x00000000eab00000)
  object space 68608K, 30% used [0x00000000c0000000,0x00000000c14339d0,0x00000000c4300000)
 Metaspace       used 31871K, committed 32832K, reserved 1114112K
  class space    used 3145K, committed 3520K, reserved 1048576K
}
Event: 8.548 GC heap after
{Heap after GC invocations=15 (full 1):
 PSYoungGen      total 23552K, used 2400K [0x00000000eab00000, 0x00000000ec580000, 0x0000000100000000)
  eden space 20992K, 0% used [0x00000000eab00000,0x00000000eab00000,0x00000000ebf80000)
  from space 2560K, 93% used [0x00000000ec300000,0x00000000ec558010,0x00000000ec580000)
  to   space 2560K, 0% used [0x00000000ebf80000,0x00000000ebf80000,0x00000000ec200000)
 ParOldGen       total 68608K, used 22870K [0x00000000c0000000, 0x00000000c4300000, 0x00000000eab00000)
  object space 68608K, 33% used [0x00000000c0000000,0x00000000c1655ad0,0x00000000c4300000)
 Metaspace       used 31871K, committed 32832K, reserved 1114112K
  class space    used 3145K, committed 3520K, reserved 1048576K
}
Event: 8.713 GC heap before
{Heap before GC invocations=16 (full 1):
 PSYoungGen      total 23552K, used 23392K [0x00000000eab00000, 0x00000000ec580000, 0x0000000100000000)
  eden space 20992K, 100% used [0x00000000eab00000,0x00000000ebf80000,0x00000000ebf80000)
  from space 2560K, 93% used [0x00000000ec300000,0x00000000ec558010,0x00000000ec580000)
  to   space 2560K, 0% used [0x00000000ebf80000,0x00000000ebf80000,0x00000000ec200000)
 ParOldGen       total 68608K, used 22870K [0x00000000c0000000, 0x00000000c4300000, 0x00000000eab00000)
  object space 68608K, 33% used [0x00000000c0000000,0x00000000c1655ad0,0x00000000c4300000)
 Metaspace       used 31956K, committed 32832K, reserved 1114112K
  class space    used 3154K, committed 3520K, reserved 1048576K
}
Event: 8.721 GC heap after
{Heap after GC invocations=16 (full 1):
 PSYoungGen      total 23552K, used 2273K [0x00000000eab00000, 0x00000000ec480000, 0x0000000100000000)
  eden space 20992K, 0% used [0x00000000eab00000,0x00000000eab00000,0x00000000ebf80000)
  from space 2560K, 88% used [0x00000000ebf80000,0x00000000ec1b8520,0x00000000ec200000)
  to   space 2560K, 0% used [0x00000000ec200000,0x00000000ec200000,0x00000000ec480000)
 ParOldGen       total 68608K, used 25126K [0x00000000c0000000, 0x00000000c4300000, 0x00000000eab00000)
  object space 68608K, 36% used [0x00000000c0000000,0x00000000c1889ae0,0x00000000c4300000)
 Metaspace       used 31956K, committed 32832K, reserved 1114112K
  class space    used 3154K, committed 3520K, reserved 1048576K
}
Event: 9.157 GC heap before
{Heap before GC invocations=17 (full 1):
 PSYoungGen      total 23552K, used 23265K [0x00000000eab00000, 0x00000000ec480000, 0x0000000100000000)
  eden space 20992K, 100% used [0x00000000eab00000,0x00000000ebf80000,0x00000000ebf80000)
  from space 2560K, 88% used [0x00000000ebf80000,0x00000000ec1b8520,0x00000000ec200000)
  to   space 2560K, 0% used [0x00000000ec200000,0x00000000ec200000,0x00000000ec480000)
 ParOldGen       total 68608K, used 25126K [0x00000000c0000000, 0x00000000c4300000, 0x00000000eab00000)
  object space 68608K, 36% used [0x00000000c0000000,0x00000000c1889ae0,0x00000000c4300000)
 Metaspace       used 34179K, committed 35008K, reserved 1114112K
  class space    used 3423K, committed 3776K, reserved 1048576K
}
Event: 9.162 GC heap after
{Heap after GC invocations=17 (full 1):
 PSYoungGen      total 22016K, used 837K [0x00000000eab00000, 0x00000000ec300000, 0x0000000100000000)
  eden space 20992K, 0% used [0x00000000eab00000,0x00000000eab00000,0x00000000ebf80000)
  from space 1024K, 81% used [0x00000000ec200000,0x00000000ec2d1558,0x00000000ec300000)
  to   space 1536K, 0% used [0x00000000ec000000,0x00000000ec000000,0x00000000ec180000)
 ParOldGen       total 68608K, used 27149K [0x00000000c0000000, 0x00000000c4300000, 0x00000000eab00000)
  object space 68608K, 39% used [0x00000000c0000000,0x00000000c1a834e8,0x00000000c4300000)
 Metaspace       used 34179K, committed 35008K, reserved 1114112K
  class space    used 3423K, committed 3776K, reserved 1048576K
}
Event: 10.502 GC heap before
{Heap before GC invocations=18 (full 1):
 PSYoungGen      total 22016K, used 15376K [0x00000000eab00000, 0x00000000ec300000, 0x0000000100000000)
  eden space 20992K, 69% used [0x00000000eab00000,0x00000000eb932b20,0x00000000ebf80000)
  from space 1024K, 81% used [0x00000000ec200000,0x00000000ec2d1558,0x00000000ec300000)
  to   space 1536K, 0% used [0x00000000ec000000,0x00000000ec000000,0x00000000ec180000)
 ParOldGen       total 68608K, used 27149K [0x00000000c0000000, 0x00000000c4300000, 0x00000000eab00000)
  object space 68608K, 39% used [0x00000000c0000000,0x00000000c1a834e8,0x00000000c4300000)
 Metaspace       used 35005K, committed 35840K, reserved 1114112K
  class space    used 3497K, committed 3840K, reserved 1048576K
}
Event: 10.504 GC heap after
{Heap after GC invocations=18 (full 1):
 PSYoungGen      total 22528K, used 468K [0x00000000eab00000, 0x00000000ec280000, 0x0000000100000000)
  eden space 20992K, 0% used [0x00000000eab00000,0x00000000eab00000,0x00000000ebf80000)
  from space 1536K, 30% used [0x00000000ec000000,0x00000000ec075340,0x00000000ec180000)
  to   space 1024K, 0% used [0x00000000ec180000,0x00000000ec180000,0x00000000ec280000)
 ParOldGen       total 68608K, used 27797K [0x00000000c0000000, 0x00000000c4300000, 0x00000000eab00000)
  object space 68608K, 40% used [0x00000000c0000000,0x00000000c1b25428,0x00000000c4300000)
 Metaspace       used 35005K, committed 35840K, reserved 1114112K
  class space    used 3497K, committed 3840K, reserved 1048576K
}
Event: 10.504 GC heap before
{Heap before GC invocations=19 (full 2):
 PSYoungGen      total 22528K, used 468K [0x00000000eab00000, 0x00000000ec280000, 0x0000000100000000)
  eden space 20992K, 0% used [0x00000000eab00000,0x00000000eab00000,0x00000000ebf80000)
  from space 1536K, 30% used [0x00000000ec000000,0x00000000ec075340,0x00000000ec180000)
  to   space 1024K, 0% used [0x00000000ec180000,0x00000000ec180000,0x00000000ec280000)
 ParOldGen       total 68608K, used 27797K [0x00000000c0000000, 0x00000000c4300000, 0x00000000eab00000)
  object space 68608K, 40% used [0x00000000c0000000,0x00000000c1b25428,0x00000000c4300000)
 Metaspace       used 35005K, committed 35840K, reserved 1114112K
  class space    used 3497K, committed 3840K, reserved 1048576K
}
Event: 10.570 GC heap after
{Heap after GC invocations=19 (full 2):
 PSYoungGen      total 22528K, used 0K [0x00000000eab00000, 0x00000000ec280000, 0x0000000100000000)
  eden space 20992K, 0% used [0x00000000eab00000,0x00000000eab00000,0x00000000ebf80000)
  from space 1536K, 0% used [0x00000000ec000000,0x00000000ec000000,0x00000000ec180000)
  to   space 1024K, 0% used [0x00000000ec180000,0x00000000ec180000,0x00000000ec280000)
 ParOldGen       total 68608K, used 27243K [0x00000000c0000000, 0x00000000c4300000, 0x00000000eab00000)
  object space 68608K, 39% used [0x00000000c0000000,0x00000000c1a9aed0,0x00000000c4300000)
 Metaspace       used 35005K, committed 35840K, reserved 1114112K
  class space    used 3497K, committed 3840K, reserved 1048576K
}
Event: 11.932 GC heap before
{Heap before GC invocations=20 (full 2):
 PSYoungGen      total 22528K, used 20992K [0x00000000eab00000, 0x00000000ec280000, 0x0000000100000000)
  eden space 20992K, 100% used [0x00000000eab00000,0x00000000ebf80000,0x00000000ebf80000)
  from space 1536K, 0% used [0x00000000ec000000,0x00000000ec000000,0x00000000ec180000)
  to   space 1024K, 0% used [0x00000000ec180000,0x00000000ec180000,0x00000000ec280000)
 ParOldGen       total 68608K, used 27243K [0x00000000c0000000, 0x00000000c4300000, 0x00000000eab00000)
  object space 68608K, 39% used [0x00000000c0000000,0x00000000c1a9aed0,0x00000000c4300000)
 Metaspace       used 35961K, committed 36864K, reserved 1114112K
  class space    used 3565K, committed 3904K, reserved 1048576K
}
Event: 11.935 GC heap after
{Heap after GC invocations=20 (full 2):
 PSYoungGen      total 22016K, used 1006K [0x00000000eab00000, 0x00000000ec280000, 0x0000000100000000)
  eden space 20992K, 0% used [0x00000000eab00000,0x00000000eab00000,0x00000000ebf80000)
  from space 1024K, 98% used [0x00000000ec180000,0x00000000ec27bb50,0x00000000ec280000)
  to   space 1536K, 0% used [0x00000000ebf80000,0x00000000ebf80000,0x00000000ec100000)
 ParOldGen       total 68608K, used 27251K [0x00000000c0000000, 0x00000000c4300000, 0x00000000eab00000)
  object space 68608K, 39% used [0x00000000c0000000,0x00000000c1a9ced0,0x00000000c4300000)
 Metaspace       used 35961K, committed 36864K, reserved 1114112K
  class space    used 3565K, committed 3904K, reserved 1048576K
}
Event: 12.063 GC heap before
{Heap before GC invocations=21 (full 2):
 PSYoungGen      total 22016K, used 21998K [0x00000000eab00000, 0x00000000ec280000, 0x0000000100000000)
  eden space 20992K, 100% used [0x00000000eab00000,0x00000000ebf80000,0x00000000ebf80000)
  from space 1024K, 98% used [0x00000000ec180000,0x00000000ec27bb50,0x00000000ec280000)
  to   space 1536K, 0% used [0x00000000ebf80000,0x00000000ebf80000,0x00000000ec100000)
 ParOldGen       total 68608K, used 27251K [0x00000000c0000000, 0x00000000c4300000, 0x00000000eab00000)
  object space 68608K, 39% used [0x00000000c0000000,0x00000000c1a9ced0,0x00000000c4300000)
 Metaspace       used 35963K, committed 36864K, reserved 1114112K
  class space    used 3565K, committed 3904K, reserved 1048576K
}
Event: 12.065 GC heap after
{Heap after GC invocations=21 (full 2):
 PSYoungGen      total 22528K, used 650K [0x00000000eab00000, 0x00000000ec200000, 0x0000000100000000)
  eden space 20992K, 0% used [0x00000000eab00000,0x00000000eab00000,0x00000000ebf80000)
  from space 1536K, 42% used [0x00000000ebf80000,0x00000000ec022950,0x00000000ec100000)
  to   space 1024K, 0% used [0x00000000ec100000,0x00000000ec100000,0x00000000ec200000)
 ParOldGen       total 68608K, used 27856K [0x00000000c0000000, 0x00000000c4300000, 0x00000000eab00000)
  object space 68608K, 40% used [0x00000000c0000000,0x00000000c1b34210,0x00000000c4300000)
 Metaspace       used 35963K, committed 36864K, reserved 1114112K
  class space    used 3565K, committed 3904K, reserved 1048576K
}
Event: 13.575 GC heap before
{Heap before GC invocations=22 (full 2):
 PSYoungGen      total 22528K, used 21642K [0x00000000eab00000, 0x00000000ec200000, 0x0000000100000000)
  eden space 20992K, 100% used [0x00000000eab00000,0x00000000ebf80000,0x00000000ebf80000)
  from space 1536K, 42% used [0x00000000ebf80000,0x00000000ec022950,0x00000000ec100000)
  to   space 1024K, 0% used [0x00000000ec100000,0x00000000ec100000,0x00000000ec200000)
 ParOldGen       total 68608K, used 27856K [0x00000000c0000000, 0x00000000c4300000, 0x00000000eab00000)
  object space 68608K, 40% used [0x00000000c0000000,0x00000000c1b34210,0x00000000c4300000)
 Metaspace       used 39220K, committed 40192K, reserved 1114112K
  class space    used 3863K, committed 4288K, reserved 1048576K
}
Event: 13.580 GC heap after
{Heap after GC invocations=22 (full 2):
 PSYoungGen      total 21504K, used 993K [0x00000000eab00000, 0x00000000ec380000, 0x0000000100000000)
  eden space 20480K, 0% used [0x00000000eab00000,0x00000000eab00000,0x00000000ebf00000)
  from space 1024K, 96% used [0x00000000ec100000,0x00000000ec1f84f0,0x00000000ec200000)
  to   space 2048K, 0% used [0x00000000ebf00000,0x00000000ebf00000,0x00000000ec100000)
 ParOldGen       total 68608K, used 28458K [0x00000000c0000000, 0x00000000c4300000, 0x00000000eab00000)
  object space 68608K, 41% used [0x00000000c0000000,0x00000000c1bca930,0x00000000c4300000)
 Metaspace       used 39220K, committed 40192K, reserved 1114112K
  class space    used 3863K, committed 4288K, reserved 1048576K
}

