# JRE version: OpenJDK Runtime Environment Temurin-21.0.7+6 (21.0.7+6) (build 21.0.7+6-LTS)
# Java VM: OpenJDK 64-Bit Server VM Temurin-21.0.7+6 (21.0.7+6-LTS, mixed mode, sharing, tiered, compressed oops, compressed class ptrs, parallel gc, windows-amd64)
GC Precious Log:
 CardTable entry size: 512
 CPUs: 12 total, 12 available
 Memory: 7876M
 Large Page Support: Disabled
 NUMA Support: Disabled
 Compressed Oops: Enabled (32-bit)
 Alignments: Space 512K, Generation 512K, Heap 2M
 Heap Min Capacity: 100M
 Heap Initial Capacity: 100M
 Heap Max Capacity: 1G
 Pre-touch: Disabled
 Parallel Workers: 10
Heap:
 PSYoungGen      total 12288K, used 405K [0x00000000eab00000, 0x00000000ebd00000, 0x0000000100000000)
  eden space 11776K, 0% used [0x00000000eab00000,0x00000000eab00000,0x00000000eb680000)
  from space 512K, 79% used [0x00000000ebc80000,0x00000000ebce5400,0x00000000ebd00000)
  to   space 1536K, 0% used [0x00000000eba00000,0x00000000eba00000,0x00000000ebb80000)
 ParOldGen       total 136192K, used 135759K [0x00000000c0000000, 0x00000000c8500000, 0x00000000eab00000)
  object space 136192K, 99% used [0x00000000c0000000,0x00000000c8493d38,0x00000000c8500000)
 Metaspace       used 58440K, committed 59776K, reserved 1114112K
  class space    used 6083K, committed 6656K, reserved 1048576K
GC Heap History (20 events):
Event: 57.058 GC heap before
{Heap before GC invocations=49 (full 2):
 PSYoungGen      total 19968K, used 19385K [0x00000000eab00000, 0x00000000ec280000, 0x0000000100000000)
  eden space 15872K, 100% used [0x00000000eab00000,0x00000000eba80000,0x00000000eba80000)
  from space 4096K, 85% used [0x00000000ebe80000,0x00000000ec1ee4c8,0x00000000ec280000)
  to   space 4096K, 0% used [0x00000000eba80000,0x00000000eba80000,0x00000000ebe80000)
 ParOldGen       total 103424K, used 102931K [0x00000000c0000000, 0x00000000c6500000, 0x00000000eab00000)
  object space 103424K, 99% used [0x00000000c0000000,0x00000000c6484e28,0x00000000c6500000)
 Metaspace       used 56201K, committed 57472K, reserved 1114112K
  class space    used 5847K, committed 6400K, reserved 1048576K
}
Event: 57.067 GC heap after
{Heap after GC invocations=49 (full 2):
 PSYoungGen      total 19456K, used 3362K [0x00000000eab00000, 0x00000000ec180000, 0x0000000100000000)
  eden space 15872K, 0% used [0x00000000eab00000,0x00000000eab00000,0x00000000eba80000)
  from space 3584K, 93% used [0x00000000eba80000,0x00000000ebdc8b08,0x00000000ebe00000)
  to   space 3584K, 0% used [0x00000000ebe00000,0x00000000ebe00000,0x00000000ec180000)
 ParOldGen       total 106496K, used 106233K [0x00000000c0000000, 0x00000000c6800000, 0x00000000eab00000)
  object space 106496K, 99% used [0x00000000c0000000,0x00000000c67be7f0,0x00000000c6800000)
 Metaspace       used 56201K, committed 57472K, reserved 1114112K
  class space    used 5847K, committed 6400K, reserved 1048576K
}
Event: 57.576 GC heap before
{Heap before GC invocations=50 (full 2):
 PSYoungGen      total 19456K, used 19234K [0x00000000eab00000, 0x00000000ec180000, 0x0000000100000000)
  eden space 15872K, 100% used [0x00000000eab00000,0x00000000eba80000,0x00000000eba80000)
  from space 3584K, 93% used [0x00000000eba80000,0x00000000ebdc8b08,0x00000000ebe00000)
  to   space 3584K, 0% used [0x00000000ebe00000,0x00000000ebe00000,0x00000000ec180000)
 ParOldGen       total 106496K, used 106233K [0x00000000c0000000, 0x00000000c6800000, 0x00000000eab00000)
  object space 106496K, 99% used [0x00000000c0000000,0x00000000c67be7f0,0x00000000c6800000)
 Metaspace       used 56261K, committed 57536K, reserved 1114112K
  class space    used 5851K, committed 6400K, reserved 1048576K
}
Event: 57.588 GC heap after
{Heap after GC invocations=50 (full 2):
 PSYoungGen      total 15360K, used 3562K [0x00000000eab00000, 0x00000000ec980000, 0x0000000100000000)
  eden space 11776K, 0% used [0x00000000eab00000,0x00000000eab00000,0x00000000eb680000)
  from space 3584K, 99% used [0x00000000ebe00000,0x00000000ec17a930,0x00000000ec180000)
  to   space 7680K, 0% used [0x00000000eb680000,0x00000000eb680000,0x00000000ebe00000)
 ParOldGen       total 110080K, used 109663K [0x00000000c0000000, 0x00000000c6b80000, 0x00000000eab00000)
  object space 110080K, 99% used [0x00000000c0000000,0x00000000c6b17db0,0x00000000c6b80000)
 Metaspace       used 56261K, committed 57536K, reserved 1114112K
  class space    used 5851K, committed 6400K, reserved 1048576K
}
Event: 57.796 GC heap before
{Heap before GC invocations=51 (full 2):
 PSYoungGen      total 15360K, used 15338K [0x00000000eab00000, 0x00000000ec980000, 0x0000000100000000)
  eden space 11776K, 100% used [0x00000000eab00000,0x00000000eb680000,0x00000000eb680000)
  from space 3584K, 99% used [0x00000000ebe00000,0x00000000ec17a930,0x00000000ec180000)
  to   space 7680K, 0% used [0x00000000eb680000,0x00000000eb680000,0x00000000ebe00000)
 ParOldGen       total 110080K, used 109663K [0x00000000c0000000, 0x00000000c6b80000, 0x00000000eab00000)
  object space 110080K, 99% used [0x00000000c0000000,0x00000000c6b17db0,0x00000000c6b80000)
 Metaspace       used 56710K, committed 57984K, reserved 1114112K
  class space    used 5874K, committed 6464K, reserved 1048576K
}
Event: 57.811 GC heap after
{Heap after GC invocations=51 (full 2):
 PSYoungGen      total 16384K, used 4557K [0x00000000eab00000, 0x00000000ec180000, 0x0000000100000000)
  eden space 11776K, 0% used [0x00000000eab00000,0x00000000eab00000,0x00000000eb680000)
  from space 4608K, 98% used [0x00000000eb680000,0x00000000ebaf3490,0x00000000ebb00000)
  to   space 5632K, 0% used [0x00000000ebc00000,0x00000000ebc00000,0x00000000ec180000)
 ParOldGen       total 113664K, used 113171K [0x00000000c0000000, 0x00000000c6f00000, 0x00000000eab00000)
  object space 113664K, 99% used [0x00000000c0000000,0x00000000c6e84ce8,0x00000000c6f00000)
 Metaspace       used 56710K, committed 57984K, reserved 1114112K
  class space    used 5874K, committed 6464K, reserved 1048576K
}
Event: 57.987 GC heap before
{Heap before GC invocations=52 (full 2):
 PSYoungGen      total 16384K, used 16333K [0x00000000eab00000, 0x00000000ec180000, 0x0000000100000000)
  eden space 11776K, 100% used [0x00000000eab00000,0x00000000eb680000,0x00000000eb680000)
  from space 4608K, 98% used [0x00000000eb680000,0x00000000ebaf3490,0x00000000ebb00000)
  to   space 5632K, 0% used [0x00000000ebc00000,0x00000000ebc00000,0x00000000ec180000)
 ParOldGen       total 113664K, used 113171K [0x00000000c0000000, 0x00000000c6f00000, 0x00000000eab00000)
  object space 113664K, 99% used [0x00000000c0000000,0x00000000c6e84ce8,0x00000000c6f00000)
 Metaspace       used 56799K, committed 58112K, reserved 1114112K
  class space    used 5879K, committed 6464K, reserved 1048576K
}
Event: 58.005 GC heap after
{Heap after GC invocations=52 (full 2):
 PSYoungGen      total 14848K, used 2978K [0x00000000eab00000, 0x00000000ebf00000, 0x0000000100000000)
  eden space 11776K, 0% used [0x00000000eab00000,0x00000000eab00000,0x00000000eb680000)
  from space 3072K, 96% used [0x00000000ebc00000,0x00000000ebee8a70,0x00000000ebf00000)
  to   space 4096K, 0% used [0x00000000eb700000,0x00000000eb700000,0x00000000ebb00000)
 ParOldGen       total 117760K, used 117497K [0x00000000c0000000, 0x00000000c7300000, 0x00000000eab00000)
  object space 117760K, 99% used [0x00000000c0000000,0x00000000c72be4b0,0x00000000c7300000)
 Metaspace       used 56799K, committed 58112K, reserved 1114112K
  class space    used 5879K, committed 6464K, reserved 1048576K
}
Event: 58.173 GC heap before
{Heap before GC invocations=53 (full 2):
 PSYoungGen      total 14848K, used 14754K [0x00000000eab00000, 0x00000000ebf00000, 0x0000000100000000)
  eden space 11776K, 100% used [0x00000000eab00000,0x00000000eb680000,0x00000000eb680000)
  from space 3072K, 96% used [0x00000000ebc00000,0x00000000ebee8a70,0x00000000ebf00000)
  to   space 4096K, 0% used [0x00000000eb700000,0x00000000eb700000,0x00000000ebb00000)
 ParOldGen       total 117760K, used 117497K [0x00000000c0000000, 0x00000000c7300000, 0x00000000eab00000)
  object space 117760K, 99% used [0x00000000c0000000,0x00000000c72be4b0,0x00000000c7300000)
 Metaspace       used 56964K, committed 58240K, reserved 1114112K
  class space    used 5893K, committed 6464K, reserved 1048576K
}
Event: 58.182 GC heap after
{Heap after GC invocations=53 (full 2):
 PSYoungGen      total 14848K, used 2590K [0x00000000eab00000, 0x00000000ebc80000, 0x0000000100000000)
  eden space 11776K, 0% used [0x00000000eab00000,0x00000000eab00000,0x00000000eb680000)
  from space 3072K, 84% used [0x00000000eb700000,0x00000000eb987808,0x00000000eba00000)
  to   space 2560K, 0% used [0x00000000eba00000,0x00000000eba00000,0x00000000ebc80000)
 ParOldGen       total 120320K, used 120267K [0x00000000c0000000, 0x00000000c7580000, 0x00000000eab00000)
  object space 120320K, 99% used [0x00000000c0000000,0x00000000c7572f90,0x00000000c7580000)
 Metaspace       used 56964K, committed 58240K, reserved 1114112K
  class space    used 5893K, committed 6464K, reserved 1048576K
}
Event: 58.412 GC heap before
{Heap before GC invocations=54 (full 2):
 PSYoungGen      total 14848K, used 14365K [0x00000000eab00000, 0x00000000ebc80000, 0x0000000100000000)
  eden space 11776K, 99% used [0x00000000eab00000,0x00000000eb67fff0,0x00000000eb680000)
  from space 3072K, 84% used [0x00000000eb700000,0x00000000eb987808,0x00000000eba00000)
  to   space 2560K, 0% used [0x00000000eba00000,0x00000000eba00000,0x00000000ebc80000)
 ParOldGen       total 120320K, used 120267K [0x00000000c0000000, 0x00000000c7580000, 0x00000000eab00000)
  object space 120320K, 99% used [0x00000000c0000000,0x00000000c7572f90,0x00000000c7580000)
 Metaspace       used 57159K, committed 58432K, reserved 1114112K
  class space    used 5916K, committed 6464K, reserved 1048576K
}
Event: 58.420 GC heap after
{Heap after GC invocations=54 (full 2):
 PSYoungGen      total 14336K, used 2549K [0x00000000eab00000, 0x00000000ebc80000, 0x0000000100000000)
  eden space 11776K, 0% used [0x00000000eab00000,0x00000000eab00000,0x00000000eb680000)
  from space 2560K, 99% used [0x00000000eba00000,0x00000000ebc7d768,0x00000000ebc80000)
  to   space 3072K, 0% used [0x00000000eb680000,0x00000000eb680000,0x00000000eb980000)
 ParOldGen       total 122880K, used 122617K [0x00000000c0000000, 0x00000000c7800000, 0x00000000eab00000)
  object space 122880K, 99% used [0x00000000c0000000,0x00000000c77be550,0x00000000c7800000)
 Metaspace       used 57159K, committed 58432K, reserved 1114112K
  class space    used 5916K, committed 6464K, reserved 1048576K
}
Event: 58.718 GC heap before
{Heap before GC invocations=55 (full 2):
 PSYoungGen      total 14336K, used 14325K [0x00000000eab00000, 0x00000000ebc80000, 0x0000000100000000)
  eden space 11776K, 100% used [0x00000000eab00000,0x00000000eb680000,0x00000000eb680000)
  from space 2560K, 99% used [0x00000000eba00000,0x00000000ebc7d768,0x00000000ebc80000)
  to   space 3072K, 0% used [0x00000000eb680000,0x00000000eb680000,0x00000000eb980000)
 ParOldGen       total 122880K, used 122617K [0x00000000c0000000, 0x00000000c7800000, 0x00000000eab00000)
  object space 122880K, 99% used [0x00000000c0000000,0x00000000c77be550,0x00000000c7800000)
 Metaspace       used 57677K, committed 59072K, reserved 1114112K
  class space    used 5984K, committed 6592K, reserved 1048576K
}
Event: 58.725 GC heap after
{Heap after GC invocations=55 (full 2):
 PSYoungGen      total 13824K, used 1744K [0x00000000eab00000, 0x00000000ebb80000, 0x0000000100000000)
  eden space 11776K, 0% used [0x00000000eab00000,0x00000000eab00000,0x00000000eb680000)
  from space 2048K, 85% used [0x00000000eb680000,0x00000000eb8342c8,0x00000000eb880000)
  to   space 2560K, 0% used [0x00000000eb900000,0x00000000eb900000,0x00000000ebb80000)
 ParOldGen       total 125440K, used 125029K [0x00000000c0000000, 0x00000000c7a80000, 0x00000000eab00000)
  object space 125440K, 99% used [0x00000000c0000000,0x00000000c7a197a8,0x00000000c7a80000)
 Metaspace       used 57677K, committed 59072K, reserved 1114112K
  class space    used 5984K, committed 6592K, reserved 1048576K
}
Event: 59.027 GC heap before
{Heap before GC invocations=56 (full 2):
 PSYoungGen      total 13824K, used 13520K [0x00000000eab00000, 0x00000000ebb80000, 0x0000000100000000)
  eden space 11776K, 100% used [0x00000000eab00000,0x00000000eb680000,0x00000000eb680000)
  from space 2048K, 85% used [0x00000000eb680000,0x00000000eb8342c8,0x00000000eb880000)
  to   space 2560K, 0% used [0x00000000eb900000,0x00000000eb900000,0x00000000ebb80000)
 ParOldGen       total 125440K, used 125029K [0x00000000c0000000, 0x00000000c7a80000, 0x00000000eab00000)
  object space 125440K, 99% used [0x00000000c0000000,0x00000000c7a197a8,0x00000000c7a80000)
 Metaspace       used 57884K, committed 59264K, reserved 1114112K
  class space    used 6014K, committed 6592K, reserved 1048576K
}
Event: 59.033 GC heap after
{Heap after GC invocations=56 (full 2):
 PSYoungGen      total 14336K, used 2424K [0x00000000eab00000, 0x00000000ebb80000, 0x0000000100000000)
  eden space 11776K, 0% used [0x00000000eab00000,0x00000000eab00000,0x00000000eb680000)
  from space 2560K, 94% used [0x00000000eb900000,0x00000000ebb5e0d0,0x00000000ebb80000)
  to   space 2560K, 0% used [0x00000000eb680000,0x00000000eb680000,0x00000000eb900000)
 ParOldGen       total 126464K, used 126247K [0x00000000c0000000, 0x00000000c7b80000, 0x00000000eab00000)
  object space 126464K, 99% used [0x00000000c0000000,0x00000000c7b49ed8,0x00000000c7b80000)
 Metaspace       used 57884K, committed 59264K, reserved 1114112K
  class space    used 6014K, committed 6592K, reserved 1048576K
}
Event: 59.224 GC heap before
{Heap before GC invocations=57 (full 2):
 PSYoungGen      total 14336K, used 14200K [0x00000000eab00000, 0x00000000ebb80000, 0x0000000100000000)
  eden space 11776K, 100% used [0x00000000eab00000,0x00000000eb680000,0x00000000eb680000)
  from space 2560K, 94% used [0x00000000eb900000,0x00000000ebb5e0d0,0x00000000ebb80000)
  to   space 2560K, 0% used [0x00000000eb680000,0x00000000eb680000,0x00000000eb900000)
 ParOldGen       total 126464K, used 126247K [0x00000000c0000000, 0x00000000c7b80000, 0x00000000eab00000)
  object space 126464K, 99% used [0x00000000c0000000,0x00000000c7b49ed8,0x00000000c7b80000)
 Metaspace       used 57916K, committed 59264K, reserved 1114112K
  class space    used 6014K, committed 6592K, reserved 1048576K
}
Event: 60.240 GC heap after
{Heap after GC invocations=57 (full 2):
 PSYoungGen      total 14336K, used 2548K [0x00000000eab00000, 0x00000000ec400000, 0x0000000100000000)
  eden space 11776K, 0% used [0x00000000eab00000,0x00000000eab00000,0x00000000eb680000)
  from space 2560K, 99% used [0x00000000eb680000,0x00000000eb8fd288,0x00000000eb900000)
  to   space 5632K, 0% used [0x00000000ebe80000,0x00000000ebe80000,0x00000000ec400000)
 ParOldGen       total 129024K, used 128641K [0x00000000c0000000, 0x00000000c7e00000, 0x00000000eab00000)
  object space 129024K, 99% used [0x00000000c0000000,0x00000000c7da0558,0x00000000c7e00000)
 Metaspace       used 57916K, committed 59264K, reserved 1114112K
  class space    used 6014K, committed 6592K, reserved 1048576K
}
Event: 60.461 GC heap before
{Heap before GC invocations=58 (full 2):
 PSYoungGen      total 14336K, used 14324K [0x00000000eab00000, 0x00000000ec400000, 0x0000000100000000)
  eden space 11776K, 100% used [0x00000000eab00000,0x00000000eb680000,0x00000000eb680000)
  from space 2560K, 99% used [0x00000000eb680000,0x00000000eb8fd288,0x00000000eb900000)
  to   space 5632K, 0% used [0x00000000ebe80000,0x00000000ebe80000,0x00000000ec400000)
 ParOldGen       total 129024K, used 128641K [0x00000000c0000000, 0x00000000c7e00000, 0x00000000eab00000)
  object space 129024K, 99% used [0x00000000c0000000,0x00000000c7da0558,0x00000000c7e00000)
 Metaspace       used 58303K, committed 59648K, reserved 1114112K
  class space    used 6071K, committed 6656K, reserved 1048576K
}
Event: 60.469 GC heap after
{Heap after GC invocations=58 (full 2):
 PSYoungGen      total 14336K, used 2435K [0x00000000eab00000, 0x00000000ec100000, 0x0000000100000000)
  eden space 11776K, 0% used [0x00000000eab00000,0x00000000eab00000,0x00000000eb680000)
  from space 2560K, 95% used [0x00000000ebe80000,0x00000000ec0e0ec0,0x00000000ec100000)
  to   space 3584K, 0% used [0x00000000eba00000,0x00000000eba00000,0x00000000ebd80000)
 ParOldGen       total 131584K, used 131124K [0x00000000c0000000, 0x00000000c8080000, 0x00000000eab00000)
  object space 131584K, 99% used [0x00000000c0000000,0x00000000c800d258,0x00000000c8080000)
 Metaspace       used 58303K, committed 59648K, reserved 1114112K
  class space    used 6071K, committed 6656K, reserved 1048576K
}

