# JRE version: OpenJDK Runtime Environment Temurin-21.0.7+6 (21.0.7+6) (build 21.0.7+6-LTS)
# Java VM: OpenJDK 64-Bit Server VM Temurin-21.0.7+6 (21.0.7+6-LTS, mixed mode, sharing, tiered, compressed oops, compressed class ptrs, parallel gc, windows-amd64)
GC Precious Log:
 CardTable entry size: 512
 CPUs: 12 total, 12 available
 Memory: 7876M
 Large Page Support: Disabled
 NUMA Support: Disabled
 Compressed Oops: Enabled (32-bit)
 Alignments: Space 512K, Generation 512K, Heap 2M
 Heap Min Capacity: 100M
 Heap Initial Capacity: 100M
 Heap Max Capacity: 1G
 Pre-touch: Disabled
 Parallel Workers: 10
Heap:
 PSYoungGen      total 7680K, used 5198K [0x00000000eab00000, 0x00000000eb480000, 0x0000000100000000)
  eden space 6144K, 76% used [0x00000000eab00000,0x00000000eaf936d0,0x00000000eb100000)
  from space 1536K, 33% used [0x00000000eb100000,0x00000000eb180268,0x00000000eb280000)
  to   space 1024K, 0% used [0x00000000eb380000,0x00000000eb380000,0x00000000eb480000)
 ParOldGen       total 547328K, used 547157K [0x00000000c0000000, 0x00000000e1680000, 0x00000000eab00000)
  object space 547328K, 99% used [0x00000000c0000000,0x00000000e16556c0,0x00000000e1680000)
 Metaspace       used 67232K, committed 68736K, reserved 1114112K
  class space    used 6845K, committed 7488K, reserved 1048576K
GC Heap History (20 events):
Event: 982.687 GC heap after
{Heap after GC invocations=425 (full 3):
 PSYoungGen      total 6144K, used 1009K [0x00000000eab00000, 0x00000000eb700000, 0x0000000100000000)
  eden space 5120K, 0% used [0x00000000eab00000,0x00000000eab00000,0x00000000eb000000)
  from space 1024K, 98% used [0x00000000eb600000,0x00000000eb6fc728,0x00000000eb700000)
  to   space 2560K, 0% used [0x00000000eb200000,0x00000000eb200000,0x00000000eb480000)
 ParOldGen       total 538112K, used 537722K [0x00000000c0000000, 0x00000000e0d80000, 0x00000000eab00000)
  object space 538112K, 99% used [0x00000000c0000000,0x00000000e0d1eab8,0x00000000e0d80000)
 Metaspace       used 66828K, committed 68288K, reserved 1114112K
  class space    used 6831K, committed 7488K, reserved 1048576K
}
Event: 982.735 GC heap before
{Heap before GC invocations=426 (full 3):
 PSYoungGen      total 6144K, used 6129K [0x00000000eab00000, 0x00000000eb700000, 0x0000000100000000)
  eden space 5120K, 100% used [0x00000000eab00000,0x00000000eb000000,0x00000000eb000000)
  from space 1024K, 98% used [0x00000000eb600000,0x00000000eb6fc728,0x00000000eb700000)
  to   space 2560K, 0% used [0x00000000eb200000,0x00000000eb200000,0x00000000eb480000)
 ParOldGen       total 538112K, used 537722K [0x00000000c0000000, 0x00000000e0d80000, 0x00000000eab00000)
  object space 538112K, 99% used [0x00000000c0000000,0x00000000e0d1eab8,0x00000000e0d80000)
 Metaspace       used 66871K, committed 68288K, reserved 1114112K
  class space    used 6834K, committed 7488K, reserved 1048576K
}
Event: 982.739 GC heap after
{Heap after GC invocations=426 (full 3):
 PSYoungGen      total 7680K, used 1406K [0x00000000eab00000, 0x00000000eb680000, 0x0000000100000000)
  eden space 5120K, 0% used [0x00000000eab00000,0x00000000eab00000,0x00000000eb000000)
  from space 2560K, 54% used [0x00000000eb200000,0x00000000eb35fa50,0x00000000eb480000)
  to   space 1536K, 0% used [0x00000000eb500000,0x00000000eb500000,0x00000000eb680000)
 ParOldGen       total 538624K, used 538566K [0x00000000c0000000, 0x00000000e0e00000, 0x00000000eab00000)
  object space 538624K, 99% used [0x00000000c0000000,0x00000000e0df1ae0,0x00000000e0e00000)
 Metaspace       used 66871K, committed 68288K, reserved 1114112K
  class space    used 6834K, committed 7488K, reserved 1048576K
}
Event: 982.794 GC heap before
{Heap before GC invocations=427 (full 3):
 PSYoungGen      total 7680K, used 6526K [0x00000000eab00000, 0x00000000eb680000, 0x0000000100000000)
  eden space 5120K, 100% used [0x00000000eab00000,0x00000000eb000000,0x00000000eb000000)
  from space 2560K, 54% used [0x00000000eb200000,0x00000000eb35fa50,0x00000000eb480000)
  to   space 1536K, 0% used [0x00000000eb500000,0x00000000eb500000,0x00000000eb680000)
 ParOldGen       total 538624K, used 538566K [0x00000000c0000000, 0x00000000e0e00000, 0x00000000eab00000)
  object space 538624K, 99% used [0x00000000c0000000,0x00000000e0df1ae0,0x00000000e0e00000)
 Metaspace       used 66919K, committed 68352K, reserved 1114112K
  class space    used 6838K, committed 7488K, reserved 1048576K
}
Event: 982.798 GC heap after
{Heap after GC invocations=427 (full 3):
 PSYoungGen      total 6656K, used 1520K [0x00000000eab00000, 0x00000000eb680000, 0x0000000100000000)
  eden space 5120K, 0% used [0x00000000eab00000,0x00000000eab00000,0x00000000eb000000)
  from space 1536K, 98% used [0x00000000eb500000,0x00000000eb67c158,0x00000000eb680000)
  to   space 2048K, 0% used [0x00000000eb280000,0x00000000eb280000,0x00000000eb480000)
 ParOldGen       total 539136K, used 538662K [0x00000000c0000000, 0x00000000e0e80000, 0x00000000eab00000)
  object space 539136K, 99% used [0x00000000c0000000,0x00000000e0e09ae0,0x00000000e0e80000)
 Metaspace       used 66919K, committed 68352K, reserved 1114112K
  class space    used 6838K, committed 7488K, reserved 1048576K
}
Event: 982.816 GC heap before
{Heap before GC invocations=428 (full 3):
 PSYoungGen      total 6656K, used 6640K [0x00000000eab00000, 0x00000000eb680000, 0x0000000100000000)
  eden space 5120K, 100% used [0x00000000eab00000,0x00000000eb000000,0x00000000eb000000)
  from space 1536K, 98% used [0x00000000eb500000,0x00000000eb67c158,0x00000000eb680000)
  to   space 2048K, 0% used [0x00000000eb280000,0x00000000eb280000,0x00000000eb480000)
 ParOldGen       total 539136K, used 538662K [0x00000000c0000000, 0x00000000e0e80000, 0x00000000eab00000)
  object space 539136K, 99% used [0x00000000c0000000,0x00000000e0e09ae0,0x00000000e0e80000)
 Metaspace       used 66919K, committed 68352K, reserved 1114112K
  class space    used 6838K, committed 7488K, reserved 1048576K
}
Event: 982.822 GC heap after
{Heap after GC invocations=428 (full 3):
 PSYoungGen      total 7168K, used 2046K [0x00000000eab00000, 0x00000000eb700000, 0x0000000100000000)
  eden space 5120K, 0% used [0x00000000eab00000,0x00000000eab00000,0x00000000eb000000)
  from space 2048K, 99% used [0x00000000eb280000,0x00000000eb47fa50,0x00000000eb480000)
  to   space 2560K, 0% used [0x00000000eb480000,0x00000000eb480000,0x00000000eb700000)
 ParOldGen       total 540160K, used 539797K [0x00000000c0000000, 0x00000000e0f80000, 0x00000000eab00000)
  object space 540160K, 99% used [0x00000000c0000000,0x00000000e0f25668,0x00000000e0f80000)
 Metaspace       used 66919K, committed 68352K, reserved 1114112K
  class space    used 6838K, committed 7488K, reserved 1048576K
}
Event: 1125.305 GC heap before
{Heap before GC invocations=429 (full 3):
 PSYoungGen      total 7168K, used 7166K [0x00000000eab00000, 0x00000000eb700000, 0x0000000100000000)
  eden space 5120K, 99% used [0x00000000eab00000,0x00000000eafffff8,0x00000000eb000000)
  from space 2048K, 99% used [0x00000000eb280000,0x00000000eb47fa50,0x00000000eb480000)
  to   space 2560K, 0% used [0x00000000eb480000,0x00000000eb480000,0x00000000eb700000)
 ParOldGen       total 540160K, used 539797K [0x00000000c0000000, 0x00000000e0f80000, 0x00000000eab00000)
  object space 540160K, 99% used [0x00000000c0000000,0x00000000e0f25668,0x00000000e0f80000)
 Metaspace       used 66969K, committed 68480K, reserved 1114112K
  class space    used 6840K, committed 7488K, reserved 1048576K
}
Event: 1125.309 GC heap after
{Heap after GC invocations=429 (full 3):
 PSYoungGen      total 5632K, used 456K [0x00000000eab00000, 0x00000000eb500000, 0x0000000100000000)
  eden space 5120K, 0% used [0x00000000eab00000,0x00000000eab00000,0x00000000eb000000)
  from space 512K, 89% used [0x00000000eb480000,0x00000000eb4f2390,0x00000000eb500000)
  to   space 1536K, 0% used [0x00000000eb200000,0x00000000eb200000,0x00000000eb380000)
 ParOldGen       total 540160K, used 539805K [0x00000000c0000000, 0x00000000e0f80000, 0x00000000eab00000)
  object space 540160K, 99% used [0x00000000c0000000,0x00000000e0f27668,0x00000000e0f80000)
 Metaspace       used 66969K, committed 68480K, reserved 1114112K
  class space    used 6840K, committed 7488K, reserved 1048576K
}
Event: 1125.609 GC heap before
{Heap before GC invocations=430 (full 3):
 PSYoungGen      total 5632K, used 5576K [0x00000000eab00000, 0x00000000eb500000, 0x0000000100000000)
  eden space 5120K, 100% used [0x00000000eab00000,0x00000000eb000000,0x00000000eb000000)
  from space 512K, 89% used [0x00000000eb480000,0x00000000eb4f2390,0x00000000eb500000)
  to   space 1536K, 0% used [0x00000000eb200000,0x00000000eb200000,0x00000000eb380000)
 ParOldGen       total 540160K, used 539805K [0x00000000c0000000, 0x00000000e0f80000, 0x00000000eab00000)
  object space 540160K, 99% used [0x00000000c0000000,0x00000000e0f27668,0x00000000e0f80000)
 Metaspace       used 67002K, committed 68480K, reserved 1114112K
  class space    used 6841K, committed 7488K, reserved 1048576K
}
Event: 1125.614 GC heap after
{Heap after GC invocations=430 (full 3):
 PSYoungGen      total 6656K, used 1520K [0x00000000eab00000, 0x00000000eb600000, 0x0000000100000000)
  eden space 5120K, 0% used [0x00000000eab00000,0x00000000eab00000,0x00000000eb000000)
  from space 1536K, 98% used [0x00000000eb200000,0x00000000eb37c020,0x00000000eb380000)
  to   space 2560K, 0% used [0x00000000eb380000,0x00000000eb380000,0x00000000eb600000)
 ParOldGen       total 540672K, used 540587K [0x00000000c0000000, 0x00000000e1000000, 0x00000000eab00000)
  object space 540672K, 99% used [0x00000000c0000000,0x00000000e0feae98,0x00000000e1000000)
 Metaspace       used 67002K, committed 68480K, reserved 1114112K
  class space    used 6841K, committed 7488K, reserved 1048576K
}
Event: 1125.649 GC heap before
{Heap before GC invocations=431 (full 3):
 PSYoungGen      total 6656K, used 6640K [0x00000000eab00000, 0x00000000eb600000, 0x0000000100000000)
  eden space 5120K, 100% used [0x00000000eab00000,0x00000000eb000000,0x00000000eb000000)
  from space 1536K, 98% used [0x00000000eb200000,0x00000000eb37c020,0x00000000eb380000)
  to   space 2560K, 0% used [0x00000000eb380000,0x00000000eb380000,0x00000000eb600000)
 ParOldGen       total 540672K, used 540587K [0x00000000c0000000, 0x00000000e1000000, 0x00000000eab00000)
  object space 540672K, 99% used [0x00000000c0000000,0x00000000e0feae98,0x00000000e1000000)
 Metaspace       used 67005K, committed 68480K, reserved 1114112K
  class space    used 6841K, committed 7488K, reserved 1048576K
}
Event: 1125.654 GC heap after
{Heap after GC invocations=431 (full 3):
 PSYoungGen      total 6656K, used 1393K [0x00000000eab00000, 0x00000000eb500000, 0x0000000100000000)
  eden space 5120K, 0% used [0x00000000eab00000,0x00000000eab00000,0x00000000eb000000)
  from space 1536K, 90% used [0x00000000eb380000,0x00000000eb4dc788,0x00000000eb500000)
  to   space 2048K, 0% used [0x00000000eb100000,0x00000000eb100000,0x00000000eb300000)
 ParOldGen       total 542208K, used 542077K [0x00000000c0000000, 0x00000000e1180000, 0x00000000eab00000)
  object space 542208K, 99% used [0x00000000c0000000,0x00000000e115f538,0x00000000e1180000)
 Metaspace       used 67005K, committed 68480K, reserved 1114112K
  class space    used 6841K, committed 7488K, reserved 1048576K
}
Event: 1125.705 GC heap before
{Heap before GC invocations=432 (full 3):
 PSYoungGen      total 6656K, used 6513K [0x00000000eab00000, 0x00000000eb500000, 0x0000000100000000)
  eden space 5120K, 100% used [0x00000000eab00000,0x00000000eb000000,0x00000000eb000000)
  from space 1536K, 90% used [0x00000000eb380000,0x00000000eb4dc788,0x00000000eb500000)
  to   space 2048K, 0% used [0x00000000eb100000,0x00000000eb100000,0x00000000eb300000)
 ParOldGen       total 542208K, used 542077K [0x00000000c0000000, 0x00000000e1180000, 0x00000000eab00000)
  object space 542208K, 99% used [0x00000000c0000000,0x00000000e115f538,0x00000000e1180000)
 Metaspace       used 67043K, committed 68544K, reserved 1114112K
  class space    used 6845K, committed 7488K, reserved 1048576K
}
Event: 1125.710 GC heap after
{Heap after GC invocations=432 (full 3):
 PSYoungGen      total 6656K, used 1424K [0x00000000eab00000, 0x00000000eb400000, 0x0000000100000000)
  eden space 5120K, 0% used [0x00000000eab00000,0x00000000eab00000,0x00000000eb000000)
  from space 1536K, 92% used [0x00000000eb100000,0x00000000eb2642d8,0x00000000eb280000)
  to   space 1536K, 0% used [0x00000000eb280000,0x00000000eb280000,0x00000000eb400000)
 ParOldGen       total 543232K, used 543211K [0x00000000c0000000, 0x00000000e1280000, 0x00000000eab00000)
  object space 543232K, 99% used [0x00000000c0000000,0x00000000e127aee8,0x00000000e1280000)
 Metaspace       used 67043K, committed 68544K, reserved 1114112K
  class space    used 6845K, committed 7488K, reserved 1048576K
}
Event: 1125.804 GC heap before
{Heap before GC invocations=433 (full 3):
 PSYoungGen      total 6656K, used 6544K [0x00000000eab00000, 0x00000000eb400000, 0x0000000100000000)
  eden space 5120K, 100% used [0x00000000eab00000,0x00000000eb000000,0x00000000eb000000)
  from space 1536K, 92% used [0x00000000eb100000,0x00000000eb2642d8,0x00000000eb280000)
  to   space 1536K, 0% used [0x00000000eb280000,0x00000000eb280000,0x00000000eb400000)
 ParOldGen       total 543232K, used 543211K [0x00000000c0000000, 0x00000000e1280000, 0x00000000eab00000)
  object space 543232K, 99% used [0x00000000c0000000,0x00000000e127aee8,0x00000000e1280000)
 Metaspace       used 67081K, committed 68544K, reserved 1114112K
  class space    used 6845K, committed 7488K, reserved 1048576K
}
Event: 1125.813 GC heap after
{Heap after GC invocations=433 (full 3):
 PSYoungGen      total 6656K, used 1424K [0x00000000eab00000, 0x00000000eb400000, 0x0000000100000000)
  eden space 5120K, 0% used [0x00000000eab00000,0x00000000eab00000,0x00000000eb000000)
  from space 1536K, 92% used [0x00000000eb280000,0x00000000eb3e4258,0x00000000eb400000)
  to   space 1536K, 0% used [0x00000000eb100000,0x00000000eb100000,0x00000000eb280000)
 ParOldGen       total 544768K, used 544492K [0x00000000c0000000, 0x00000000e1400000, 0x00000000eab00000)
  object space 544768K, 99% used [0x00000000c0000000,0x00000000e13bb1d0,0x00000000e1400000)
 Metaspace       used 67081K, committed 68544K, reserved 1114112K
  class space    used 6845K, committed 7488K, reserved 1048576K
}
Event: 1125.902 GC heap before
{Heap before GC invocations=434 (full 3):
 PSYoungGen      total 6656K, used 6544K [0x00000000eab00000, 0x00000000eb400000, 0x0000000100000000)
  eden space 5120K, 100% used [0x00000000eab00000,0x00000000eb000000,0x00000000eb000000)
  from space 1536K, 92% used [0x00000000eb280000,0x00000000eb3e4258,0x00000000eb400000)
  to   space 1536K, 0% used [0x00000000eb100000,0x00000000eb100000,0x00000000eb280000)
 ParOldGen       total 544768K, used 544492K [0x00000000c0000000, 0x00000000e1400000, 0x00000000eab00000)
  object space 544768K, 99% used [0x00000000c0000000,0x00000000e13bb1d0,0x00000000e1400000)
 Metaspace       used 67156K, committed 68672K, reserved 1114112K
  class space    used 6845K, committed 7488K, reserved 1048576K
}
Event: 1125.908 GC heap after
{Heap after GC invocations=434 (full 3):
 PSYoungGen      total 6656K, used 1504K [0x00000000eab00000, 0x00000000eb700000, 0x0000000100000000)
  eden space 5120K, 0% used [0x00000000eab00000,0x00000000eab00000,0x00000000eb000000)
  from space 1536K, 97% used [0x00000000eb100000,0x00000000eb278298,0x00000000eb280000)
  to   space 3584K, 0% used [0x00000000eb380000,0x00000000eb380000,0x00000000eb700000)
 ParOldGen       total 546304K, used 546004K [0x00000000c0000000, 0x00000000e1580000, 0x00000000eab00000)
  object space 546304K, 99% used [0x00000000c0000000,0x00000000e15352b8,0x00000000e1580000)
 Metaspace       used 67156K, committed 68672K, reserved 1114112K
  class space    used 6845K, committed 7488K, reserved 1048576K
}
Event: 1126.068 GC heap before
{Heap before GC invocations=435 (full 3):
 PSYoungGen      total 6656K, used 6624K [0x00000000eab00000, 0x00000000eb700000, 0x0000000100000000)
  eden space 5120K, 100% used [0x00000000eab00000,0x00000000eb000000,0x00000000eb000000)
  from space 1536K, 97% used [0x00000000eb100000,0x00000000eb278298,0x00000000eb280000)
  to   space 3584K, 0% used [0x00000000eb380000,0x00000000eb380000,0x00000000eb700000)
 ParOldGen       total 546304K, used 546004K [0x00000000c0000000, 0x00000000e1580000, 0x00000000eab00000)
  object space 546304K, 99% used [0x00000000c0000000,0x00000000e15352b8,0x00000000e1580000)
 Metaspace       used 67213K, committed 68672K, reserved 1114112K
  class space    used 6845K, committed 7488K, reserved 1048576K
}

