# JRE version: OpenJDK Runtime Environment Temurin-21.0.7+6 (21.0.7+6) (build 21.0.7+6-LTS)
# Java VM: OpenJDK 64-Bit Server VM Temurin-21.0.7+6 (21.0.7+6-LTS, mixed mode, sharing, tiered, compressed oops, compressed class ptrs, parallel gc, windows-amd64)
GC Precious Log:
 CardTable entry size: 512
 CPUs: 12 total, 12 available
 Memory: 7876M
 Large Page Support: Disabled
 NUMA Support: Disabled
 Compressed Oops: Enabled (32-bit)
 Alignments: Space 512K, Generation 512K, Heap 2M
 Heap Min Capacity: 100M
 Heap Initial Capacity: 100M
 Heap Max Capacity: 1G
 Pre-touch: Disabled
 Parallel Workers: 10
Heap:
 PSYoungGen      total 18432K, used 2542K [0x00000000eab00000, 0x00000000ec080000, 0x0000000100000000)
  eden space 15872K, 0% used [0x00000000eab00000,0x00000000eab00000,0x00000000eba80000)
  from space 2560K, 99% used [0x00000000ebe00000,0x00000000ec07ba70,0x00000000ec080000)
  to   space 3072K, 0% used [0x00000000ebb00000,0x00000000ebb00000,0x00000000ebe00000)
 ParOldGen       total 68608K, used 63286K [0x00000000c0000000, 0x00000000c4300000, 0x00000000eab00000)
  object space 68608K, 92% used [0x00000000c0000000,0x00000000c3dcd848,0x00000000c4300000)
 Metaspace       used 49604K, committed 50816K, reserved 1114112K
  class space    used 5253K, committed 5760K, reserved 1048576K
GC Heap History (20 events):
Event: 35.883 GC heap after
{Heap after GC invocations=24 (full 2):
 PSYoungGen      total 22016K, used 2532K [0x00000000eab00000, 0x00000000ec300000, 0x0000000100000000)
  eden space 19456K, 0% used [0x00000000eab00000,0x00000000eab00000,0x00000000ebe00000)
  from space 2560K, 98% used [0x00000000ec080000,0x00000000ec2f9000,0x00000000ec300000)
  to   space 2560K, 0% used [0x00000000ebe00000,0x00000000ebe00000,0x00000000ec080000)
 ParOldGen       total 68608K, used 31339K [0x00000000c0000000, 0x00000000c4300000, 0x00000000eab00000)
  object space 68608K, 45% used [0x00000000c0000000,0x00000000c1e9ae70,0x00000000c4300000)
 Metaspace       used 46079K, committed 47168K, reserved 1114112K
  class space    used 4893K, committed 5376K, reserved 1048576K
}
Event: 35.959 GC heap before
{Heap before GC invocations=25 (full 2):
 PSYoungGen      total 22016K, used 21988K [0x00000000eab00000, 0x00000000ec300000, 0x0000000100000000)
  eden space 19456K, 100% used [0x00000000eab00000,0x00000000ebe00000,0x00000000ebe00000)
  from space 2560K, 98% used [0x00000000ec080000,0x00000000ec2f9000,0x00000000ec300000)
  to   space 2560K, 0% used [0x00000000ebe00000,0x00000000ebe00000,0x00000000ec080000)
 ParOldGen       total 68608K, used 31339K [0x00000000c0000000, 0x00000000c4300000, 0x00000000eab00000)
  object space 68608K, 45% used [0x00000000c0000000,0x00000000c1e9ae70,0x00000000c4300000)
 Metaspace       used 46116K, committed 47360K, reserved 1114112K
  class space    used 4893K, committed 5440K, reserved 1048576K
}
Event: 35.964 GC heap after
{Heap after GC invocations=25 (full 2):
 PSYoungGen      total 22016K, used 2528K [0x00000000eab00000, 0x00000000ec900000, 0x0000000100000000)
  eden space 19456K, 0% used [0x00000000eab00000,0x00000000eab00000,0x00000000ebe00000)
  from space 2560K, 98% used [0x00000000ebe00000,0x00000000ec078010,0x00000000ec080000)
  to   space 5632K, 0% used [0x00000000ec380000,0x00000000ec380000,0x00000000ec900000)
 ParOldGen       total 68608K, used 33685K [0x00000000c0000000, 0x00000000c4300000, 0x00000000eab00000)
  object space 68608K, 49% used [0x00000000c0000000,0x00000000c20e5710,0x00000000c4300000)
 Metaspace       used 46116K, committed 47360K, reserved 1114112K
  class space    used 4893K, committed 5440K, reserved 1048576K
}
Event: 36.017 GC heap before
{Heap before GC invocations=26 (full 2):
 PSYoungGen      total 22016K, used 21984K [0x00000000eab00000, 0x00000000ec900000, 0x0000000100000000)
  eden space 19456K, 100% used [0x00000000eab00000,0x00000000ebe00000,0x00000000ebe00000)
  from space 2560K, 98% used [0x00000000ebe00000,0x00000000ec078010,0x00000000ec080000)
  to   space 5632K, 0% used [0x00000000ec380000,0x00000000ec380000,0x00000000ec900000)
 ParOldGen       total 68608K, used 33685K [0x00000000c0000000, 0x00000000c4300000, 0x00000000eab00000)
  object space 68608K, 49% used [0x00000000c0000000,0x00000000c20e5710,0x00000000c4300000)
 Metaspace       used 46144K, committed 47360K, reserved 1114112K
  class space    used 4895K, committed 5440K, reserved 1048576K
}
Event: 36.023 GC heap after
{Heap after GC invocations=26 (full 2):
 PSYoungGen      total 22016K, used 2401K [0x00000000eab00000, 0x00000000ec600000, 0x0000000100000000)
  eden space 19456K, 0% used [0x00000000eab00000,0x00000000eab00000,0x00000000ebe00000)
  from space 2560K, 93% used [0x00000000ec380000,0x00000000ec5d8428,0x00000000ec600000)
  to   space 3584K, 0% used [0x00000000ebf00000,0x00000000ebf00000,0x00000000ec280000)
 ParOldGen       total 68608K, used 36161K [0x00000000c0000000, 0x00000000c4300000, 0x00000000eab00000)
  object space 68608K, 52% used [0x00000000c0000000,0x00000000c2350758,0x00000000c4300000)
 Metaspace       used 46144K, committed 47360K, reserved 1114112K
  class space    used 4895K, committed 5440K, reserved 1048576K
}
Event: 36.226 GC heap before
{Heap before GC invocations=27 (full 2):
 PSYoungGen      total 22016K, used 21857K [0x00000000eab00000, 0x00000000ec600000, 0x0000000100000000)
  eden space 19456K, 100% used [0x00000000eab00000,0x00000000ebe00000,0x00000000ebe00000)
  from space 2560K, 93% used [0x00000000ec380000,0x00000000ec5d8428,0x00000000ec600000)
  to   space 3584K, 0% used [0x00000000ebf00000,0x00000000ebf00000,0x00000000ec280000)
 ParOldGen       total 68608K, used 36161K [0x00000000c0000000, 0x00000000c4300000, 0x00000000eab00000)
  object space 68608K, 52% used [0x00000000c0000000,0x00000000c2350758,0x00000000c4300000)
 Metaspace       used 46946K, committed 48128K, reserved 1114112K
  class space    used 4970K, committed 5504K, reserved 1048576K
}
Event: 36.232 GC heap after
{Heap after GC invocations=27 (full 2):
 PSYoungGen      total 23040K, used 3572K [0x00000000eab00000, 0x00000000ecb00000, 0x0000000100000000)
  eden space 19456K, 0% used [0x00000000eab00000,0x00000000eab00000,0x00000000ebe00000)
  from space 3584K, 99% used [0x00000000ebf00000,0x00000000ec27d180,0x00000000ec280000)
  to   space 6656K, 0% used [0x00000000ec480000,0x00000000ec480000,0x00000000ecb00000)
 ParOldGen       total 68608K, used 38416K [0x00000000c0000000, 0x00000000c4300000, 0x00000000eab00000)
  object space 68608K, 55% used [0x00000000c0000000,0x00000000c25841d0,0x00000000c4300000)
 Metaspace       used 46946K, committed 48128K, reserved 1114112K
  class space    used 4970K, committed 5504K, reserved 1048576K
}
Event: 36.410 GC heap before
{Heap before GC invocations=28 (full 2):
 PSYoungGen      total 23040K, used 23028K [0x00000000eab00000, 0x00000000ecb00000, 0x0000000100000000)
  eden space 19456K, 100% used [0x00000000eab00000,0x00000000ebe00000,0x00000000ebe00000)
  from space 3584K, 99% used [0x00000000ebf00000,0x00000000ec27d180,0x00000000ec280000)
  to   space 6656K, 0% used [0x00000000ec480000,0x00000000ec480000,0x00000000ecb00000)
 ParOldGen       total 68608K, used 38416K [0x00000000c0000000, 0x00000000c4300000, 0x00000000eab00000)
  object space 68608K, 55% used [0x00000000c0000000,0x00000000c25841d0,0x00000000c4300000)
 Metaspace       used 47346K, committed 48640K, reserved 1114112K
  class space    used 5025K, committed 5568K, reserved 1048576K
}
Event: 36.415 GC heap after
{Heap after GC invocations=28 (full 2):
 PSYoungGen      total 23552K, used 3866K [0x00000000eab00000, 0x00000000ec880000, 0x0000000100000000)
  eden space 19456K, 0% used [0x00000000eab00000,0x00000000eab00000,0x00000000ebe00000)
  from space 4096K, 94% used [0x00000000ec480000,0x00000000ec846b78,0x00000000ec880000)
  to   space 4608K, 0% used [0x00000000ebf80000,0x00000000ebf80000,0x00000000ec400000)
 ParOldGen       total 68608K, used 41787K [0x00000000c0000000, 0x00000000c4300000, 0x00000000eab00000)
  object space 68608K, 60% used [0x00000000c0000000,0x00000000c28cec38,0x00000000c4300000)
 Metaspace       used 47346K, committed 48640K, reserved 1114112K
  class space    used 5025K, committed 5568K, reserved 1048576K
}
Event: 36.534 GC heap before
{Heap before GC invocations=29 (full 2):
 PSYoungGen      total 23552K, used 23322K [0x00000000eab00000, 0x00000000ec880000, 0x0000000100000000)
  eden space 19456K, 100% used [0x00000000eab00000,0x00000000ebe00000,0x00000000ebe00000)
  from space 4096K, 94% used [0x00000000ec480000,0x00000000ec846b78,0x00000000ec880000)
  to   space 4608K, 0% used [0x00000000ebf80000,0x00000000ebf80000,0x00000000ec400000)
 ParOldGen       total 68608K, used 41787K [0x00000000c0000000, 0x00000000c4300000, 0x00000000eab00000)
  object space 68608K, 60% used [0x00000000c0000000,0x00000000c28cec38,0x00000000c4300000)
 Metaspace       used 47635K, committed 48832K, reserved 1114112K
  class space    used 5056K, committed 5568K, reserved 1048576K
}
Event: 36.541 GC heap after
{Heap after GC invocations=29 (full 2):
 PSYoungGen      total 23552K, used 4086K [0x00000000eab00000, 0x00000000ec700000, 0x0000000100000000)
  eden space 19456K, 0% used [0x00000000eab00000,0x00000000eab00000,0x00000000ebe00000)
  from space 4096K, 99% used [0x00000000ebf80000,0x00000000ec37d9a8,0x00000000ec380000)
  to   space 3584K, 0% used [0x00000000ec380000,0x00000000ec380000,0x00000000ec700000)
 ParOldGen       total 68608K, used 45297K [0x00000000c0000000, 0x00000000c4300000, 0x00000000eab00000)
  object space 68608K, 66% used [0x00000000c0000000,0x00000000c2c3c670,0x00000000c4300000)
 Metaspace       used 47635K, committed 48832K, reserved 1114112K
  class space    used 5056K, committed 5568K, reserved 1048576K
}
Event: 36.662 GC heap before
{Heap before GC invocations=30 (full 2):
 PSYoungGen      total 23552K, used 23542K [0x00000000eab00000, 0x00000000ec700000, 0x0000000100000000)
  eden space 19456K, 100% used [0x00000000eab00000,0x00000000ebe00000,0x00000000ebe00000)
  from space 4096K, 99% used [0x00000000ebf80000,0x00000000ec37d9a8,0x00000000ec380000)
  to   space 3584K, 0% used [0x00000000ec380000,0x00000000ec380000,0x00000000ec700000)
 ParOldGen       total 68608K, used 45297K [0x00000000c0000000, 0x00000000c4300000, 0x00000000eab00000)
  object space 68608K, 66% used [0x00000000c0000000,0x00000000c2c3c670,0x00000000c4300000)
 Metaspace       used 47945K, committed 49152K, reserved 1114112K
  class space    used 5086K, committed 5568K, reserved 1048576K
}
Event: 36.668 GC heap after
{Heap after GC invocations=30 (full 2):
 PSYoungGen      total 19456K, used 3571K [0x00000000eab00000, 0x00000000ed000000, 0x0000000100000000)
  eden space 15872K, 0% used [0x00000000eab00000,0x00000000eab00000,0x00000000eba80000)
  from space 3584K, 99% used [0x00000000ec380000,0x00000000ec6fcc10,0x00000000ec700000)
  to   space 9216K, 0% used [0x00000000eba80000,0x00000000eba80000,0x00000000ec380000)
 ParOldGen       total 68608K, used 49884K [0x00000000c0000000, 0x00000000c4300000, 0x00000000eab00000)
  object space 68608K, 72% used [0x00000000c0000000,0x00000000c30b71d8,0x00000000c4300000)
 Metaspace       used 47945K, committed 49152K, reserved 1114112K
  class space    used 5086K, committed 5568K, reserved 1048576K
}
Event: 36.771 GC heap before
{Heap before GC invocations=31 (full 2):
 PSYoungGen      total 19456K, used 19443K [0x00000000eab00000, 0x00000000ed000000, 0x0000000100000000)
  eden space 15872K, 100% used [0x00000000eab00000,0x00000000eba80000,0x00000000eba80000)
  from space 3584K, 99% used [0x00000000ec380000,0x00000000ec6fcc10,0x00000000ec700000)
  to   space 9216K, 0% used [0x00000000eba80000,0x00000000eba80000,0x00000000ec380000)
 ParOldGen       total 68608K, used 49884K [0x00000000c0000000, 0x00000000c4300000, 0x00000000eab00000)
  object space 68608K, 72% used [0x00000000c0000000,0x00000000c30b71d8,0x00000000c4300000)
 Metaspace       used 48012K, committed 49280K, reserved 1114112K
  class space    used 5097K, committed 5632K, reserved 1048576K
}
Event: 36.778 GC heap after
{Heap after GC invocations=31 (full 2):
 PSYoungGen      total 19968K, used 3998K [0x00000000eab00000, 0x00000000ec580000, 0x0000000100000000)
  eden space 15872K, 0% used [0x00000000eab00000,0x00000000eab00000,0x00000000eba80000)
  from space 4096K, 97% used [0x00000000eba80000,0x00000000ebe679f0,0x00000000ebe80000)
  to   space 5632K, 0% used [0x00000000ec000000,0x00000000ec000000,0x00000000ec580000)
 ParOldGen       total 68608K, used 53348K [0x00000000c0000000, 0x00000000c4300000, 0x00000000eab00000)
  object space 68608K, 77% used [0x00000000c0000000,0x00000000c3419190,0x00000000c4300000)
 Metaspace       used 48012K, committed 49280K, reserved 1114112K
  class space    used 5097K, committed 5632K, reserved 1048576K
}
Event: 36.944 GC heap before
{Heap before GC invocations=32 (full 2):
 PSYoungGen      total 19968K, used 19870K [0x00000000eab00000, 0x00000000ec580000, 0x0000000100000000)
  eden space 15872K, 100% used [0x00000000eab00000,0x00000000eba80000,0x00000000eba80000)
  from space 4096K, 97% used [0x00000000eba80000,0x00000000ebe679f0,0x00000000ebe80000)
  to   space 5632K, 0% used [0x00000000ec000000,0x00000000ec000000,0x00000000ec580000)
 ParOldGen       total 68608K, used 53348K [0x00000000c0000000, 0x00000000c4300000, 0x00000000eab00000)
  object space 68608K, 77% used [0x00000000c0000000,0x00000000c3419190,0x00000000c4300000)
 Metaspace       used 48692K, committed 49920K, reserved 1114112K
  class space    used 5146K, committed 5696K, reserved 1048576K
}
Event: 36.949 GC heap after
{Heap after GC invocations=32 (full 2):
 PSYoungGen      total 18944K, used 3043K [0x00000000eab00000, 0x00000000ec300000, 0x0000000100000000)
  eden space 15872K, 0% used [0x00000000eab00000,0x00000000eab00000,0x00000000eba80000)
  from space 3072K, 99% used [0x00000000ec000000,0x00000000ec2f8cd0,0x00000000ec300000)
  to   space 4096K, 0% used [0x00000000ebb00000,0x00000000ebb00000,0x00000000ebf00000)
 ParOldGen       total 68608K, used 57026K [0x00000000c0000000, 0x00000000c4300000, 0x00000000eab00000)
  object space 68608K, 83% used [0x00000000c0000000,0x00000000c37b09a8,0x00000000c4300000)
 Metaspace       used 48692K, committed 49920K, reserved 1114112K
  class space    used 5146K, committed 5696K, reserved 1048576K
}
Event: 37.087 GC heap before
{Heap before GC invocations=33 (full 2):
 PSYoungGen      total 18944K, used 18908K [0x00000000eab00000, 0x00000000ec300000, 0x0000000100000000)
  eden space 15872K, 99% used [0x00000000eab00000,0x00000000eba7e4c8,0x00000000eba80000)
  from space 3072K, 99% used [0x00000000ec000000,0x00000000ec2f8cd0,0x00000000ec300000)
  to   space 4096K, 0% used [0x00000000ebb00000,0x00000000ebb00000,0x00000000ebf00000)
 ParOldGen       total 68608K, used 57026K [0x00000000c0000000, 0x00000000c4300000, 0x00000000eab00000)
  object space 68608K, 83% used [0x00000000c0000000,0x00000000c37b09a8,0x00000000c4300000)
 Metaspace       used 49308K, committed 50560K, reserved 1114112K
  class space    used 5224K, committed 5760K, reserved 1048576K
}
Event: 37.094 GC heap after
{Heap after GC invocations=33 (full 2):
 PSYoungGen      total 18944K, used 2908K [0x00000000eab00000, 0x00000000ec080000, 0x0000000100000000)
  eden space 15872K, 0% used [0x00000000eab00000,0x00000000eab00000,0x00000000eba80000)
  from space 3072K, 94% used [0x00000000ebb00000,0x00000000ebdd7008,0x00000000ebe00000)
  to   space 2560K, 0% used [0x00000000ebe00000,0x00000000ebe00000,0x00000000ec080000)
 ParOldGen       total 68608K, used 59864K [0x00000000c0000000, 0x00000000c4300000, 0x00000000eab00000)
  object space 68608K, 87% used [0x00000000c0000000,0x00000000c3a76388,0x00000000c4300000)
 Metaspace       used 49308K, committed 50560K, reserved 1114112K
  class space    used 5224K, committed 5760K, reserved 1048576K
}
Event: 37.248 GC heap before
{Heap before GC invocations=34 (full 2):
 PSYoungGen      total 18944K, used 18780K [0x00000000eab00000, 0x00000000ec080000, 0x0000000100000000)
  eden space 15872K, 100% used [0x00000000eab00000,0x00000000eba80000,0x00000000eba80000)
  from space 3072K, 94% used [0x00000000ebb00000,0x00000000ebdd7008,0x00000000ebe00000)
  to   space 2560K, 0% used [0x00000000ebe00000,0x00000000ebe00000,0x00000000ec080000)
 ParOldGen       total 68608K, used 59864K [0x00000000c0000000, 0x00000000c4300000, 0x00000000eab00000)
  object space 68608K, 87% used [0x00000000c0000000,0x00000000c3a76388,0x00000000c4300000)
 Metaspace       used 49604K, committed 50816K, reserved 1114112K
  class space    used 5253K, committed 5760K, reserved 1048576K
}

